2014-06-06 12:08:49.389 [info] <0.7.0> Application lager started on node bettingApp@Suchitp
2014-06-06 12:08:49.406 [info] <0.7.0> Application crypto started on node bettingApp@Suchitp
2014-06-06 12:08:49.417 [info] <0.7.0> Application mimetypes started on node bettingApp@Suchitp
2014-06-06 12:08:49.452 [info] <0.98.0> Starting Boss in development mode....

2014-06-06 12:08:49.461 [info] <0.98.0>@boss_db:start:72 Start Database Adapter boss_db_adapter_mock options [{adapter,mock},{cache_enable,false},{cache_prefix,db},{shards,[]},{is_master_node,true},{db_host,"localhost"},{db_port,1978}]
2014-06-06 12:08:49.502 [info] <0.98.0> Starting master services on bettingApp@Suchitp

2014-06-06 12:08:49.517 [info] <0.7.0> Application tinymq started on node bettingApp@Suchitp
2014-06-06 12:08:49.667 [info] <0.98.0> SSL:[]

2014-06-06 12:08:49.672 [info] <0.98.0> Starting cowboy... on bettingApp@Suchitp

2014-06-06 12:08:49.675 [notice] <0.62.0>@lager_app:132 Deprecated lager_file_backend config detected, please consider updating it
2014-06-06 12:08:49.676 [info] <0.7.0> Application cowlib started on node bettingApp@Suchitp
2014-06-06 12:08:49.680 [info] <0.7.0> Application ranch started on node bettingApp@Suchitp
2014-06-06 12:08:49.691 [info] <0.7.0> Application cowboy started on node bettingApp@Suchitp
2014-06-06 12:08:49.692 [info] <0.98.0> Starting http listener... on 0.0.0.0:8001 

2014-06-06 12:08:49.747 [info] <0.98.0>@boss_load:load_all_modules:57 Loading application bettingApp
2014-06-06 12:08:49.757 [notice] <0.98.0>@boss_compiler:compile:47 Compile file "/Users/Suchit/projects/bettingApp/src/mail/bettingApp_incoming_mail_controller.erl" with options [{out_dir,undefined},{include_dirs,["/Users/Suchit/projects/bettingApp/include"]},{compiler_options,[{parse_transform,lager_transform},return_errors]}] 
2014-06-06 12:08:49.779 [notice] <0.98.0>@boss_compiler:compile:47 Compile file "/Users/Suchit/projects/bettingApp/src/mail/bettingApp_outgoing_mail_controller.erl" with options [{out_dir,undefined},{include_dirs,["/Users/Suchit/projects/bettingApp/include"]},{compiler_options,[{parse_transform,lager_transform},return_errors]}] 
2014-06-06 12:08:49.791 [info] <0.98.0>@boss_controller_compiler:compile:59 Compile controller /Users/Suchit/projects/bettingApp/src/controller/bettingApp_index_controller.erl
2014-06-06 12:08:49.791 [notice] <0.98.0>@boss_compiler:compile:47 Compile file "/Users/Suchit/projects/bettingApp/src/controller/bettingApp_index_controller.erl" with options [debug_info,{pre_revert_transform,#Fun<boss_controller_compiler.add_routes_to_forms.1>},{out_dir,undefined},{include_dirs,["/Users/Suchit/projects/bettingApp/include"]},{compiler_options,[{parse_transform,lager_transform},return_errors]}] 
2014-06-06 12:08:49.799 [notice] <0.98.0>@boss_compiler:compile:47 Compile file "/Users/Suchit/projects/bettingApp/src/view/lib/tag_modules/bettingApp_custom_tags.erl" with options [{out_dir,undefined},{include_dirs,["/Users/Suchit/projects/bettingApp/include"]},{compiler_options,[{parse_transform,lager_transform},return_errors]}] 
2014-06-06 12:08:49.808 [notice] <0.98.0>@boss_compiler:compile:47 Compile file "/Users/Suchit/projects/bettingApp/src/view/lib/filter_modules/bettingApp_custom_filters.erl" with options [{out_dir,undefined},{include_dirs,["/Users/Suchit/projects/bettingApp/include"]},{compiler_options,[{parse_transform,lager_transform},return_errors]}] 
2014-06-06 12:08:49.810 [info] <0.98.0>@boss_load:compile_view_dir_erlydtl:311 Compile Modules "src/view/lib/tag_html"  bettingApp_view_lib_tags
2014-06-06 12:08:49.856 [notice] <0.98.0>@boss_compiler:compile:47 Compile file "/Users/Suchit/projects/bettingApp/priv/init/bettingApp_01_news.erl" with options [{include_dirs,["/Users/Suchit/projects/bettingApp/include"]}] 
2014-06-06 12:09:27.464 [notice] <0.276.0>@boss_web_controller_handle_request:handle_request:23 ApplicationForPath bettingApp
2014-06-06 12:09:27.467 [warning] <0.6.0> lager_error_logger_h dropped 81 messages in the last second that exceeded the limit of 50 messages/sec
2014-06-06 12:09:27.467 [info] <0.265.0> Loading routes from "/Users/Suchit/projects/bettingApp/priv/bettingApp.routes" ....
2014-06-06 12:09:27.471 [error] <0.276.0> GET /bettingapp/index [bettingApp] 404 0ms
2014-06-06 12:09:27.814 [notice] <0.277.0>@boss_web_controller_handle_request:handle_request:23 ApplicationForPath bettingApp
2014-06-06 12:10:05.713 [notice] <0.279.0>@boss_web_controller_handle_request:handle_request:23 ApplicationForPath bettingApp
2014-06-06 12:10:05.713 [info] <0.265.0> Loading routes from "/Users/Suchit/projects/bettingApp/priv/bettingApp.routes" ....
2014-06-06 12:10:05.715 [error] <0.279.0> GET /betting/index [bettingApp] 404 0ms
2014-06-06 12:10:16.080 [info] <0.7.0> Application lager started on node bettingApp@Suchitp
2014-06-06 12:10:16.096 [info] <0.7.0> Application crypto started on node bettingApp@Suchitp
2014-06-06 12:10:16.106 [info] <0.7.0> Application mimetypes started on node bettingApp@Suchitp
2014-06-06 12:10:16.137 [info] <0.98.0> Starting Boss in development mode....

2014-06-06 12:10:16.146 [info] <0.98.0>@boss_db:start:72 Start Database Adapter boss_db_adapter_mock options [{adapter,mock},{cache_enable,false},{cache_prefix,db},{shards,[]},{is_master_node,true},{db_host,"localhost"},{db_port,1978}]
2014-06-06 12:10:16.182 [info] <0.98.0> Starting master services on bettingApp@Suchitp

2014-06-06 12:10:16.196 [info] <0.7.0> Application tinymq started on node bettingApp@Suchitp
2014-06-06 12:10:16.226 [info] <0.98.0> SSL:[]

2014-06-06 12:10:16.229 [info] <0.98.0> Starting cowboy... on bettingApp@Suchitp

2014-06-06 12:10:16.232 [info] <0.7.0> Application cowlib started on node bettingApp@Suchitp
2014-06-06 12:10:16.237 [info] <0.7.0> Application ranch started on node bettingApp@Suchitp
2014-06-06 12:10:16.248 [info] <0.7.0> Application cowboy started on node bettingApp@Suchitp
2014-06-06 12:10:16.248 [info] <0.98.0> Starting http listener... on 0.0.0.0:8001 

2014-06-06 12:10:16.296 [info] <0.98.0>@boss_load:load_all_modules:57 Loading application bettingApp
2014-06-06 12:10:16.304 [notice] <0.98.0>@boss_compiler:compile:47 Compile file "/Users/Suchit/projects/bettingApp/src/mail/bettingApp_incoming_mail_controller.erl" with options [{out_dir,undefined},{include_dirs,["/Users/Suchit/projects/bettingApp/include"]},{compiler_options,[{parse_transform,lager_transform},return_errors]}] 
2014-06-06 12:10:16.324 [notice] <0.98.0>@boss_compiler:compile:47 Compile file "/Users/Suchit/projects/bettingApp/src/mail/bettingApp_outgoing_mail_controller.erl" with options [{out_dir,undefined},{include_dirs,["/Users/Suchit/projects/bettingApp/include"]},{compiler_options,[{parse_transform,lager_transform},return_errors]}] 
2014-06-06 12:10:16.335 [info] <0.98.0>@boss_controller_compiler:compile:59 Compile controller /Users/Suchit/projects/bettingApp/src/controller/bettingApp_index_controller.erl
2014-06-06 12:10:16.335 [notice] <0.98.0>@boss_compiler:compile:47 Compile file "/Users/Suchit/projects/bettingApp/src/controller/bettingApp_index_controller.erl" with options [debug_info,{pre_revert_transform,#Fun<boss_controller_compiler.add_routes_to_forms.1>},{out_dir,undefined},{include_dirs,["/Users/Suchit/projects/bettingApp/include"]},{compiler_options,[{parse_transform,lager_transform},return_errors]}] 
2014-06-06 12:10:16.345 [notice] <0.98.0>@boss_compiler:compile:47 Compile file "/Users/Suchit/projects/bettingApp/src/view/lib/tag_modules/bettingApp_custom_tags.erl" with options [{out_dir,undefined},{include_dirs,["/Users/Suchit/projects/bettingApp/include"]},{compiler_options,[{parse_transform,lager_transform},return_errors]}] 
2014-06-06 12:10:16.352 [notice] <0.98.0>@boss_compiler:compile:47 Compile file "/Users/Suchit/projects/bettingApp/src/view/lib/filter_modules/bettingApp_custom_filters.erl" with options [{out_dir,undefined},{include_dirs,["/Users/Suchit/projects/bettingApp/include"]},{compiler_options,[{parse_transform,lager_transform},return_errors]}] 
2014-06-06 12:10:16.353 [info] <0.98.0>@boss_load:compile_view_dir_erlydtl:311 Compile Modules "src/view/lib/tag_html"  bettingApp_view_lib_tags
2014-06-06 12:10:16.378 [notice] <0.62.0>@lager_app:132 Deprecated lager_file_backend config detected, please consider updating it
2014-06-06 12:10:16.393 [notice] <0.98.0>@boss_compiler:compile:47 Compile file "/Users/Suchit/projects/bettingApp/priv/init/bettingApp_01_news.erl" with options [{include_dirs,["/Users/Suchit/projects/bettingApp/include"]}] 
2014-06-06 12:10:22.699 [notice] <0.276.0>@boss_web_controller_handle_request:handle_request:23 ApplicationForPath bettingApp
2014-06-06 12:10:22.701 [warning] <0.6.0> lager_error_logger_h dropped 34 messages in the last second that exceeded the limit of 50 messages/sec
2014-06-06 12:10:22.701 [info] <0.265.0> Loading routes from "/Users/Suchit/projects/bettingApp/priv/bettingApp.routes" ....
2014-06-06 12:10:22.705 [error] <0.276.0> GET /bettingApp/index [bettingApp] 404 0ms
2014-06-06 12:10:24.159 [notice] <0.277.0>@boss_web_controller_handle_request:handle_request:23 ApplicationForPath bettingApp
2014-06-06 12:10:24.160 [info] <0.265.0> Loading routes from "/Users/Suchit/projects/bettingApp/priv/bettingApp.routes" ....
2014-06-06 12:10:24.161 [error] <0.277.0> GET /bettingApp/index [bettingApp] 404 0ms
2014-06-06 12:10:24.878 [notice] <0.279.0>@boss_web_controller_handle_request:handle_request:23 ApplicationForPath bettingApp
2014-06-06 12:10:24.879 [info] <0.265.0> Loading routes from "/Users/Suchit/projects/bettingApp/priv/bettingApp.routes" ....
2014-06-06 12:10:24.880 [error] <0.279.0> GET /bettingApp/index [bettingApp] 404 0ms
2014-06-06 12:11:04.527 [notice] <0.283.0>@boss_web_controller_handle_request:handle_request:23 ApplicationForPath bettingApp
2014-06-06 12:11:04.528 [info] <0.265.0> Loading routes from "/Users/Suchit/projects/bettingApp/priv/bettingApp.routes" ....
2014-06-06 12:11:04.529 [error] <0.283.0> GET /betting/index [bettingApp] 404 0ms
2014-06-06 12:11:05.905 [notice] <0.284.0>@boss_web_controller_handle_request:handle_request:23 ApplicationForPath bettingApp
2014-06-06 12:11:05.905 [info] <0.265.0> Loading routes from "/Users/Suchit/projects/bettingApp/priv/bettingApp.routes" ....
2014-06-06 12:11:05.906 [error] <0.284.0> GET /betting/index [bettingApp] 404 0ms
2014-06-06 12:11:15.642 [info] <0.7.0> Application lager started on node bettingApp@Suchitp
2014-06-06 12:11:15.661 [info] <0.7.0> Application crypto started on node bettingApp@Suchitp
2014-06-06 12:11:15.672 [info] <0.7.0> Application mimetypes started on node bettingApp@Suchitp
2014-06-06 12:11:15.706 [info] <0.98.0> Starting Boss in development mode....

2014-06-06 12:11:15.715 [info] <0.98.0>@boss_db:start:72 Start Database Adapter boss_db_adapter_mock options [{adapter,mock},{cache_enable,false},{cache_prefix,db},{shards,[]},{is_master_node,true},{db_host,"localhost"},{db_port,1978}]
2014-06-06 12:11:15.755 [info] <0.98.0> Starting master services on bettingApp@Suchitp

2014-06-06 12:11:15.769 [info] <0.7.0> Application tinymq started on node bettingApp@Suchitp
2014-06-06 12:11:15.802 [info] <0.98.0> SSL:[]

2014-06-06 12:11:15.805 [info] <0.98.0> Starting cowboy... on bettingApp@Suchitp

2014-06-06 12:11:15.809 [info] <0.7.0> Application cowlib started on node bettingApp@Suchitp
2014-06-06 12:11:15.813 [info] <0.7.0> Application ranch started on node bettingApp@Suchitp
2014-06-06 12:11:15.823 [info] <0.7.0> Application cowboy started on node bettingApp@Suchitp
2014-06-06 12:11:15.823 [info] <0.98.0> Starting http listener... on 0.0.0.0:8001 

2014-06-06 12:11:15.870 [info] <0.98.0>@boss_load:load_all_modules:57 Loading application bettingApp
2014-06-06 12:11:15.882 [notice] <0.98.0>@boss_compiler:compile:47 Compile file "/Users/Suchit/projects/bettingApp/src/mail/bettingApp_incoming_mail_controller.erl" with options [{out_dir,undefined},{include_dirs,["/Users/Suchit/projects/bettingApp/include"]},{compiler_options,[{parse_transform,lager_transform},return_errors]}] 
2014-06-06 12:11:15.903 [notice] <0.98.0>@boss_compiler:compile:47 Compile file "/Users/Suchit/projects/bettingApp/src/mail/bettingApp_outgoing_mail_controller.erl" with options [{out_dir,undefined},{include_dirs,["/Users/Suchit/projects/bettingApp/include"]},{compiler_options,[{parse_transform,lager_transform},return_errors]}] 
2014-06-06 12:11:15.916 [info] <0.98.0>@boss_controller_compiler:compile:59 Compile controller /Users/Suchit/projects/bettingApp/src/controller/bettingApp_index_controller.erl
2014-06-06 12:11:15.916 [notice] <0.98.0>@boss_compiler:compile:47 Compile file "/Users/Suchit/projects/bettingApp/src/controller/bettingApp_index_controller.erl" with options [debug_info,{pre_revert_transform,#Fun<boss_controller_compiler.add_routes_to_forms.1>},{out_dir,undefined},{include_dirs,["/Users/Suchit/projects/bettingApp/include"]},{compiler_options,[{parse_transform,lager_transform},return_errors]}] 
2014-06-06 12:11:15.924 [notice] <0.98.0>@boss_compiler:compile:47 Compile file "/Users/Suchit/projects/bettingApp/src/view/lib/tag_modules/bettingApp_custom_tags.erl" with options [{out_dir,undefined},{include_dirs,["/Users/Suchit/projects/bettingApp/include"]},{compiler_options,[{parse_transform,lager_transform},return_errors]}] 
2014-06-06 12:11:15.928 [notice] <0.62.0>@lager_app:132 Deprecated lager_file_backend config detected, please consider updating it
2014-06-06 12:11:15.932 [notice] <0.98.0>@boss_compiler:compile:47 Compile file "/Users/Suchit/projects/bettingApp/src/view/lib/filter_modules/bettingApp_custom_filters.erl" with options [{out_dir,undefined},{include_dirs,["/Users/Suchit/projects/bettingApp/include"]},{compiler_options,[{parse_transform,lager_transform},return_errors]}] 
2014-06-06 12:11:15.935 [info] <0.98.0>@boss_load:compile_view_dir_erlydtl:311 Compile Modules "src/view/lib/tag_html"  bettingApp_view_lib_tags
2014-06-06 12:11:15.975 [notice] <0.98.0>@boss_compiler:compile:47 Compile file "/Users/Suchit/projects/bettingApp/priv/init/bettingApp_01_news.erl" with options [{include_dirs,["/Users/Suchit/projects/bettingApp/include"]}] 
2014-06-06 12:11:21.182 [notice] <0.276.0>@boss_web_controller_handle_request:handle_request:23 ApplicationForPath bettingApp
2014-06-06 12:11:21.185 [warning] <0.6.0> lager_error_logger_h dropped 74 messages in the last second that exceeded the limit of 50 messages/sec
2014-06-06 12:11:21.185 [info] <0.265.0> Loading routes from "/Users/Suchit/projects/bettingApp/priv/bettingApp.routes" ....
2014-06-06 12:11:21.189 [error] <0.276.0> GET /betting/index [bettingApp] 404 0ms
2014-06-06 12:11:46.623 [notice] <0.279.0>@boss_web_controller_handle_request:handle_request:23 ApplicationForPath bettingApp
2014-06-06 12:11:46.624 [info] <0.265.0> Loading routes from "/Users/Suchit/projects/bettingApp/priv/bettingApp.routes" ....
2014-06-06 12:11:46.625 [error] <0.279.0> GET /betting/index [bettingApp] 404 0ms
2014-06-06 12:11:47.734 [notice] <0.280.0>@boss_web_controller_handle_request:handle_request:23 ApplicationForPath bettingApp
2014-06-06 12:11:47.735 [info] <0.265.0> Loading routes from "/Users/Suchit/projects/bettingApp/priv/bettingApp.routes" ....
2014-06-06 12:11:47.736 [error] <0.280.0> GET /betting/index [bettingApp] 404 0ms
2014-06-06 12:11:48.077 [notice] <0.282.0>@boss_web_controller_handle_request:handle_request:23 ApplicationForPath bettingApp
2014-06-06 12:11:48.078 [info] <0.265.0> Loading routes from "/Users/Suchit/projects/bettingApp/priv/bettingApp.routes" ....
2014-06-06 12:11:48.079 [error] <0.282.0> GET /betting/index [bettingApp] 404 0ms
2014-06-06 12:11:48.358 [notice] <0.284.0>@boss_web_controller_handle_request:handle_request:23 ApplicationForPath bettingApp
2014-06-06 12:11:48.358 [info] <0.265.0> Loading routes from "/Users/Suchit/projects/bettingApp/priv/bettingApp.routes" ....
2014-06-06 12:11:48.360 [error] <0.284.0> GET /betting/index [bettingApp] 404 0ms
2014-06-06 12:12:14.834 [notice] <0.288.0>@boss_web_controller_handle_request:handle_request:23 ApplicationForPath bettingApp
2014-06-06 12:12:14.835 [info] <0.265.0> Loading routes from "/Users/Suchit/projects/bettingApp/priv/bettingApp.routes" ....
2014-06-06 12:12:14.836 [error] <0.288.0> GET /betting/ [bettingApp] 404 0ms
2014-06-06 12:12:49.368 [notice] <0.291.0>@boss_web_controller_handle_request:handle_request:23 ApplicationForPath bettingApp
2014-06-06 12:12:49.369 [info] <0.265.0> Loading routes from "/Users/Suchit/projects/bettingApp/priv/bettingApp.routes" ....
2014-06-06 12:12:49.371 [error] <0.291.0> GET /betting/ [bettingApp] 404 0ms
2014-06-06 12:12:50.154 [notice] <0.292.0>@boss_web_controller_handle_request:handle_request:23 ApplicationForPath bettingApp
2014-06-06 12:12:50.155 [info] <0.265.0> Loading routes from "/Users/Suchit/projects/bettingApp/priv/bettingApp.routes" ....
2014-06-06 12:12:50.156 [error] <0.292.0> GET /betting/ [bettingApp] 404 0ms
2014-06-06 12:13:19.530 [notice] <0.296.0>@boss_web_controller_handle_request:handle_request:23 ApplicationForPath bettingApp
2014-06-06 12:13:19.531 [info] <0.265.0> Loading routes from "/Users/Suchit/projects/bettingApp/priv/bettingApp.routes" ....
2014-06-06 12:13:19.532 [error] <0.296.0> GET /betting/ [bettingApp] 404 0ms
2014-06-06 12:14:14.756 [info] <0.7.0> Application lager started on node nonode@nohost
2014-06-06 12:14:14.784 [info] <0.2.0>@boss_load:load_all_modules:57 Loading application bettingApp
2014-06-06 12:14:14.785 [notice] <0.2.0>@boss_compiler:compile:47 Compile file "/Users/Suchit/projects/bettingApp/src/mail/bettingApp_incoming_mail_controller.erl" with options [{out_dir,"ebin"},{include_dirs,["/Users/Suchit/projects/bettingApp/include"]},{compiler_options,[{parse_transform,lager_transform},return_errors]}] 
2014-06-06 12:14:14.795 [notice] <0.2.0>@boss_compiler:compile:47 Compile file "/Users/Suchit/projects/bettingApp/src/mail/bettingApp_outgoing_mail_controller.erl" with options [{out_dir,"ebin"},{include_dirs,["/Users/Suchit/projects/bettingApp/include"]},{compiler_options,[{parse_transform,lager_transform},return_errors]}] 
2014-06-06 12:14:14.799 [info] <0.2.0>@boss_controller_compiler:compile:59 Compile controller /Users/Suchit/projects/bettingApp/src/controller/betting_index_controller.erl
2014-06-06 12:14:14.799 [notice] <0.2.0>@boss_compiler:compile:47 Compile file "/Users/Suchit/projects/bettingApp/src/controller/betting_index_controller.erl" with options [debug_info,{pre_revert_transform,#Fun<boss_controller_compiler.add_routes_to_forms.1>},{out_dir,"ebin"},{include_dirs,["/Users/Suchit/projects/bettingApp/include"]},{compiler_options,[{parse_transform,lager_transform},return_errors]}] 
2014-06-06 12:14:14.804 [notice] <0.2.0>@boss_compiler:compile:47 Compile file "/Users/Suchit/projects/bettingApp/src/view/lib/tag_modules/bettingApp_custom_tags.erl" with options [{out_dir,"ebin"},{include_dirs,["/Users/Suchit/projects/bettingApp/include"]},{compiler_options,[{parse_transform,lager_transform},return_errors]}] 
2014-06-06 12:14:14.807 [notice] <0.2.0>@boss_compiler:compile:47 Compile file "/Users/Suchit/projects/bettingApp/src/view/lib/filter_modules/bettingApp_custom_filters.erl" with options [{out_dir,"ebin"},{include_dirs,["/Users/Suchit/projects/bettingApp/include"]},{compiler_options,[{parse_transform,lager_transform},return_errors]}] 
2014-06-06 12:14:14.809 [info] <0.2.0>@boss_load:compile_view_dir_erlydtl:311 Compile Modules "src/view/lib/tag_html"  bettingApp_view_lib_tags
2014-06-06 12:14:24.381 [info] <0.7.0> Application lager started on node bettingApp@Suchitp
2014-06-06 12:14:24.398 [info] <0.7.0> Application crypto started on node bettingApp@Suchitp
2014-06-06 12:14:24.409 [info] <0.7.0> Application mimetypes started on node bettingApp@Suchitp
2014-06-06 12:14:24.442 [info] <0.98.0> Starting Boss in development mode....

2014-06-06 12:14:24.451 [info] <0.98.0>@boss_db:start:72 Start Database Adapter boss_db_adapter_mock options [{adapter,mock},{cache_enable,false},{cache_prefix,db},{shards,[]},{is_master_node,true},{db_host,"localhost"},{db_port,1978}]
2014-06-06 12:14:24.492 [info] <0.98.0> Starting master services on bettingApp@Suchitp

2014-06-06 12:14:24.505 [info] <0.7.0> Application tinymq started on node bettingApp@Suchitp
2014-06-06 12:14:24.538 [info] <0.98.0> SSL:[]

2014-06-06 12:14:24.541 [info] <0.98.0> Starting cowboy... on bettingApp@Suchitp

2014-06-06 12:14:24.544 [info] <0.7.0> Application cowlib started on node bettingApp@Suchitp
2014-06-06 12:14:24.548 [info] <0.7.0> Application ranch started on node bettingApp@Suchitp
2014-06-06 12:14:24.563 [info] <0.7.0> Application cowboy started on node bettingApp@Suchitp
2014-06-06 12:14:24.563 [info] <0.98.0> Starting http listener... on 0.0.0.0:8001 

2014-06-06 12:14:24.611 [info] <0.98.0>@boss_load:load_all_modules:57 Loading application bettingApp
2014-06-06 12:14:24.625 [info] <0.98.0>@boss_load:compile_view_dir_erlydtl:311 Compile Modules "src/view/lib/tag_html"  bettingApp_view_lib_tags
2014-06-06 12:14:24.663 [notice] <0.62.0>@lager_app:132 Deprecated lager_file_backend config detected, please consider updating it
2014-06-06 12:14:24.668 [notice] <0.98.0>@boss_compiler:compile:47 Compile file "/Users/Suchit/projects/bettingApp/priv/init/bettingApp_01_news.erl" with options [{include_dirs,["/Users/Suchit/projects/bettingApp/include"]}] 
2014-06-06 12:14:29.038 [notice] <0.272.0>@boss_web_controller_handle_request:handle_request:23 ApplicationForPath bettingApp
2014-06-06 12:14:29.040 [warning] <0.6.0> lager_error_logger_h dropped 67 messages in the last second that exceeded the limit of 50 messages/sec
2014-06-06 12:14:29.041 [info] <0.266.0> Loading routes from "/Users/Suchit/projects/bettingApp/priv/bettingApp.routes" ....
2014-06-06 12:14:29.044 [error] <0.272.0> GET /betting/ [bettingApp] 404 0ms
2014-06-06 12:14:29.983 [notice] <0.273.0>@boss_web_controller_handle_request:handle_request:23 ApplicationForPath bettingApp
2014-06-06 12:14:29.984 [info] <0.266.0> Loading routes from "/Users/Suchit/projects/bettingApp/priv/bettingApp.routes" ....
2014-06-06 12:14:29.985 [error] <0.273.0> GET /betting/ [bettingApp] 404 0ms
2014-06-06 12:14:30.479 [notice] <0.275.0>@boss_web_controller_handle_request:handle_request:23 ApplicationForPath bettingApp
2014-06-06 12:14:30.479 [info] <0.266.0> Loading routes from "/Users/Suchit/projects/bettingApp/priv/bettingApp.routes" ....
2014-06-06 12:14:30.480 [error] <0.275.0> GET /betting/ [bettingApp] 404 0ms
2014-06-06 12:14:35.825 [notice] <0.279.0>@boss_web_controller_handle_request:handle_request:23 ApplicationForPath bettingApp
2014-06-06 12:14:35.826 [info] <0.266.0> Loading routes from "/Users/Suchit/projects/bettingApp/priv/bettingApp.routes" ....
2014-06-06 12:14:35.827 [error] <0.279.0> GET /betting/index [bettingApp] 404 0ms
2014-06-06 12:15:48.595 [notice] <0.281.0>@boss_web_controller_handle_request:handle_request:23 ApplicationForPath bettingApp
2014-06-06 12:15:48.596 [info] <0.266.0> Loading routes from "/Users/Suchit/projects/bettingApp/priv/bettingApp.routes" ....
2014-06-06 12:15:48.597 [info] <0.266.0>@boss_router_controller:route:171 Boss Route bettingApp "betting_index" "index" []
2014-06-06 12:15:48.597 [error] <0.266.0> gen_server <0.266.0> terminated with reason: bad argument in call to erlang:list_to_atom(undefined) in boss_router_controller:route/2 line 172
2014-06-06 12:15:48.597 [error] <0.281.0>@boss_web_controller_handle_request:handle_request:30 Unhandled Error: exit:{{badarg,[{erlang,list_to_atom,[undefined],[]},{boss_router_controller,route,2,[{file,"src/boss/boss_router_controller.erl"},{line,172}]},{boss_router_controller,handle_call,3,[{file,"src/boss/boss_router_controller.erl"},{line,64}]},{gen_server,handle_msg,5,[{file,"gen_server.erl"},{line,585}]},{proc_lib,init_p_do_apply,3,[{file,"proc_lib.erl"},{line,239}]}]},{gen_server,call,[<0.266.0>,{route,"/"}]}}. Stacktrace: [{gen_server,call,2,[{file,"gen_server.erl"},{line,180}]},{boss_web_controller_handle_request,process_dynamic_request,4,[{file,"src/boss/boss_web_controller_handle_request.erl"},{line,237}]},{boss_web_controller_handle_request,process_request,4,[{file,"src/boss/boss_web_controller_handle_request.erl"},{line,228}]},{boss_web_controller_handle_request,set_timer,7,[{file,"src/boss/boss_web_controller_handle_request.erl"},{line,148}]},{boss_web_controller_handle_request,build_dynamic_response,4,[{file,"src/boss/boss_web_controller_handle_request.erl"},{line,122}]},{boss_web_controller_handle_request,handle_request,3,[{file,"src/boss/boss_web_controller_handle_request.erl"},{line,26}]},{mochicow_upgrade,upgrade,4,[{file,"src/mochicow_upgrade.erl"},{line,72}]},{cowboy_protocol,execute,4,[{file,"src/cowboy_protocol.erl"},{line,529}]}]
2014-06-06 12:15:48.597 [error] <0.266.0> CRASH REPORT Process <0.266.0> with 0 neighbours exited with reason: bad argument in call to erlang:list_to_atom(undefined) in boss_router_controller:route/2 line 172 in gen_server:terminate/6 line 744
2014-06-06 12:15:48.598 [error] <0.265.0> Supervisor {<0.265.0>,boss_router_sup} had child router_controller started with boss_router_controller:start_link([{application,bettingApp},{controllers,["betting_index_controller"]}]) at <0.266.0> exit with reason bad argument in call to erlang:list_to_atom(undefined) in boss_router_controller:route/2 line 172 in context child_terminated
2014-06-06 12:15:48.598 [info] <0.284.0> Loading routes from "/Users/Suchit/projects/bettingApp/priv/bettingApp.routes" ....
2014-06-06 12:17:09.862 [notice] <0.286.0>@boss_web_controller_handle_request:handle_request:23 ApplicationForPath bettingApp
2014-06-06 12:17:09.863 [info] <0.284.0> Loading routes from "/Users/Suchit/projects/bettingApp/priv/bettingApp.routes" ....
2014-06-06 12:17:09.865 [info] <0.284.0>@boss_router_controller:route:171 Boss Route bettingApp "betting_index" "index" []
2014-06-06 12:17:09.865 [error] <0.284.0> gen_server <0.284.0> terminated with reason: bad argument in call to erlang:list_to_atom(undefined) in boss_router_controller:route/2 line 172
2014-06-06 12:17:09.865 [error] <0.284.0> CRASH REPORT Process <0.284.0> with 0 neighbours exited with reason: bad argument in call to erlang:list_to_atom(undefined) in boss_router_controller:route/2 line 172 in gen_server:terminate/6 line 744
2014-06-06 12:17:09.865 [error] <0.265.0> Supervisor {<0.265.0>,boss_router_sup} had child router_controller started with boss_router_controller:start_link([{application,bettingApp},{controllers,["betting_index_controller"]}]) at <0.284.0> exit with reason bad argument in call to erlang:list_to_atom(undefined) in boss_router_controller:route/2 line 172 in context child_terminated
2014-06-06 12:17:09.865 [error] <0.286.0>@boss_web_controller_handle_request:handle_request:30 Unhandled Error: exit:{{badarg,[{erlang,list_to_atom,[undefined],[]},{boss_router_controller,route,2,[{file,"src/boss/boss_router_controller.erl"},{line,172}]},{boss_router_controller,handle_call,3,[{file,"src/boss/boss_router_controller.erl"},{line,64}]},{gen_server,handle_msg,5,[{file,"gen_server.erl"},{line,585}]},{proc_lib,init_p_do_apply,3,[{file,"proc_lib.erl"},{line,239}]}]},{gen_server,call,[<0.284.0>,{route,"/"}]}}. Stacktrace: [{gen_server,call,2,[{file,"gen_server.erl"},{line,180}]},{boss_web_controller_handle_request,process_dynamic_request,4,[{file,"src/boss/boss_web_controller_handle_request.erl"},{line,237}]},{boss_web_controller_handle_request,process_request,4,[{file,"src/boss/boss_web_controller_handle_request.erl"},{line,228}]},{boss_web_controller_handle_request,set_timer,7,[{file,"src/boss/boss_web_controller_handle_request.erl"},{line,148}]},{boss_web_controller_handle_request,build_dynamic_response,4,[{file,"src/boss/boss_web_controller_handle_request.erl"},{line,122}]},{boss_web_controller_handle_request,handle_request,3,[{file,"src/boss/boss_web_controller_handle_request.erl"},{line,26}]},{mochicow_upgrade,upgrade,4,[{file,"src/mochicow_upgrade.erl"},{line,72}]},{cowboy_protocol,execute,4,[{file,"src/cowboy_protocol.erl"},{line,529}]}]
2014-06-06 12:17:09.866 [info] <0.289.0> Loading routes from "/Users/Suchit/projects/bettingApp/priv/bettingApp.routes" ....
2014-06-06 12:17:13.012 [notice] <0.287.0>@boss_web_controller_handle_request:handle_request:23 ApplicationForPath bettingApp
2014-06-06 12:17:13.012 [info] <0.289.0> Loading routes from "/Users/Suchit/projects/bettingApp/priv/bettingApp.routes" ....
2014-06-06 12:17:13.014 [info] <0.289.0>@boss_router_controller:route:171 Boss Route bettingApp "betting_index" "index" []
2014-06-06 12:17:13.014 [error] <0.289.0> gen_server <0.289.0> terminated with reason: bad argument in call to erlang:list_to_atom(undefined) in boss_router_controller:route/2 line 172
2014-06-06 12:17:13.014 [error] <0.289.0> CRASH REPORT Process <0.289.0> with 0 neighbours exited with reason: bad argument in call to erlang:list_to_atom(undefined) in boss_router_controller:route/2 line 172 in gen_server:terminate/6 line 744
2014-06-06 12:17:13.015 [error] <0.265.0> Supervisor {<0.265.0>,boss_router_sup} had child router_controller started with boss_router_controller:start_link([{application,bettingApp},{controllers,["betting_index_controller"]}]) at <0.289.0> exit with reason bad argument in call to erlang:list_to_atom(undefined) in boss_router_controller:route/2 line 172 in context child_terminated
2014-06-06 12:17:13.015 [error] <0.287.0>@boss_web_controller_handle_request:handle_request:30 Unhandled Error: exit:{{badarg,[{erlang,list_to_atom,[undefined],[]},{boss_router_controller,route,2,[{file,"src/boss/boss_router_controller.erl"},{line,172}]},{boss_router_controller,handle_call,3,[{file,"src/boss/boss_router_controller.erl"},{line,64}]},{gen_server,handle_msg,5,[{file,"gen_server.erl"},{line,585}]},{proc_lib,init_p_do_apply,3,[{file,"proc_lib.erl"},{line,239}]}]},{gen_server,call,[<0.289.0>,{route,"/"}]}}. Stacktrace: [{gen_server,call,2,[{file,"gen_server.erl"},{line,180}]},{boss_web_controller_handle_request,process_dynamic_request,4,[{file,"src/boss/boss_web_controller_handle_request.erl"},{line,237}]},{boss_web_controller_handle_request,process_request,4,[{file,"src/boss/boss_web_controller_handle_request.erl"},{line,228}]},{boss_web_controller_handle_request,set_timer,7,[{file,"src/boss/boss_web_controller_handle_request.erl"},{line,148}]},{boss_web_controller_handle_request,build_dynamic_response,4,[{file,"src/boss/boss_web_controller_handle_request.erl"},{line,122}]},{boss_web_controller_handle_request,handle_request,3,[{file,"src/boss/boss_web_controller_handle_request.erl"},{line,26}]},{mochicow_upgrade,upgrade,4,[{file,"src/mochicow_upgrade.erl"},{line,72}]},{cowboy_protocol,execute,4,[{file,"src/cowboy_protocol.erl"},{line,529}]}]
2014-06-06 12:17:13.015 [info] <0.293.0> Loading routes from "/Users/Suchit/projects/bettingApp/priv/bettingApp.routes" ....
2014-06-06 12:17:22.809 [info] <0.7.0> Application lager started on node bettingApp@Suchitp
2014-06-06 12:17:22.825 [info] <0.7.0> Application crypto started on node bettingApp@Suchitp
2014-06-06 12:17:22.837 [info] <0.7.0> Application mimetypes started on node bettingApp@Suchitp
2014-06-06 12:17:22.867 [info] <0.98.0> Starting Boss in development mode....

2014-06-06 12:17:22.876 [info] <0.98.0>@boss_db:start:72 Start Database Adapter boss_db_adapter_mock options [{adapter,mock},{cache_enable,false},{cache_prefix,db},{shards,[]},{is_master_node,true},{db_host,"localhost"},{db_port,1978}]
2014-06-06 12:17:22.913 [info] <0.98.0> Starting master services on bettingApp@Suchitp

2014-06-06 12:17:22.927 [info] <0.7.0> Application tinymq started on node bettingApp@Suchitp
2014-06-06 12:17:22.956 [info] <0.98.0> SSL:[]

2014-06-06 12:17:22.959 [info] <0.98.0> Starting cowboy... on bettingApp@Suchitp

2014-06-06 12:17:22.963 [info] <0.7.0> Application cowlib started on node bettingApp@Suchitp
2014-06-06 12:17:22.966 [info] <0.7.0> Application ranch started on node bettingApp@Suchitp
2014-06-06 12:17:22.978 [info] <0.7.0> Application cowboy started on node bettingApp@Suchitp
2014-06-06 12:17:22.978 [info] <0.98.0> Starting http listener... on 0.0.0.0:8001 

2014-06-06 12:17:23.012 [warning] <0.6.0> lager_error_logger_h dropped 71 messages in the last second that exceeded the limit of 50 messages/sec
2014-06-06 12:17:23.012 [info] <0.266.0> Loading routes from "/Users/Suchit/projects/bettingApp/priv/bettingApp.routes" ....
2014-06-06 12:17:23.024 [info] <0.98.0>@boss_load:load_all_modules:57 Loading application bettingApp
2014-06-06 12:17:23.036 [info] <0.98.0>@boss_controller_compiler:compile:59 Compile controller /Users/Suchit/projects/bettingApp/src/controller/betting_index_controller.erl
2014-06-06 12:17:23.038 [notice] <0.98.0>@boss_compiler:compile:47 Compile file "/Users/Suchit/projects/bettingApp/src/controller/betting_index_controller.erl" with options [debug_info,{pre_revert_transform,#Fun<boss_controller_compiler.add_routes_to_forms.1>},{out_dir,undefined},{include_dirs,["/Users/Suchit/projects/bettingApp/include"]},{compiler_options,[{parse_transform,lager_transform},return_errors]}] 
2014-06-06 12:17:23.061 [info] <0.98.0>@boss_load:compile_view_dir_erlydtl:311 Compile Modules "src/view/lib/tag_html"  bettingApp_view_lib_tags
2014-06-06 12:17:23.094 [notice] <0.62.0>@lager_app:132 Deprecated lager_file_backend config detected, please consider updating it
2014-06-06 12:17:23.101 [notice] <0.98.0>@boss_compiler:compile:47 Compile file "/Users/Suchit/projects/bettingApp/priv/init/bettingApp_01_news.erl" with options [{include_dirs,["/Users/Suchit/projects/bettingApp/include"]}] 
2014-06-06 12:17:27.058 [notice] <0.273.0>@boss_web_controller_handle_request:handle_request:23 ApplicationForPath bettingApp
2014-06-06 12:17:27.061 [info] <0.266.0> Loading routes from "/Users/Suchit/projects/bettingApp/priv/bettingApp.routes" ....
2014-06-06 12:17:27.061 [info] <0.266.0>@boss_router_controller:route:171 Boss Route bettingApp "betting_index" "index" []
2014-06-06 12:17:27.064 [error] <0.266.0> gen_server <0.266.0> terminated with reason: bad argument in call to erlang:list_to_atom(undefined) in boss_router_controller:route/2 line 172
2014-06-06 12:17:27.064 [error] <0.266.0> CRASH REPORT Process <0.266.0> with 0 neighbours exited with reason: bad argument in call to erlang:list_to_atom(undefined) in boss_router_controller:route/2 line 172 in gen_server:terminate/6 line 744
2014-06-06 12:17:27.064 [error] <0.265.0> Supervisor {<0.265.0>,boss_router_sup} had child router_controller started with boss_router_controller:start_link([{application,bettingApp},{controllers,["betting_index_controller"]}]) at <0.266.0> exit with reason bad argument in call to erlang:list_to_atom(undefined) in boss_router_controller:route/2 line 172 in context child_terminated
2014-06-06 12:17:27.064 [error] <0.273.0>@boss_web_controller_handle_request:handle_request:30 Unhandled Error: exit:{{badarg,[{erlang,list_to_atom,[undefined],[]},{boss_router_controller,route,2,[{file,"src/boss/boss_router_controller.erl"},{line,172}]},{boss_router_controller,handle_call,3,[{file,"src/boss/boss_router_controller.erl"},{line,64}]},{gen_server,handle_msg,5,[{file,"gen_server.erl"},{line,585}]},{proc_lib,init_p_do_apply,3,[{file,"proc_lib.erl"},{line,239}]}]},{gen_server,call,[<0.266.0>,{route,"/"}]}}. Stacktrace: [{gen_server,call,2,[{file,"gen_server.erl"},{line,180}]},{boss_web_controller_handle_request,process_dynamic_request,4,[{file,"src/boss/boss_web_controller_handle_request.erl"},{line,237}]},{boss_web_controller_handle_request,process_request,4,[{file,"src/boss/boss_web_controller_handle_request.erl"},{line,228}]},{boss_web_controller_handle_request,set_timer,7,[{file,"src/boss/boss_web_controller_handle_request.erl"},{line,148}]},{boss_web_controller_handle_request,build_dynamic_response,4,[{file,"src/boss/boss_web_controller_handle_request.erl"},{line,122}]},{boss_web_controller_handle_request,handle_request,3,[{file,"src/boss/boss_web_controller_handle_request.erl"},{line,26}]},{mochicow_upgrade,upgrade,4,[{file,"src/mochicow_upgrade.erl"},{line,72}]},{cowboy_protocol,execute,4,[{file,"src/cowboy_protocol.erl"},{line,529}]}]
2014-06-06 12:17:27.065 [info] <0.276.0> Loading routes from "/Users/Suchit/projects/bettingApp/priv/bettingApp.routes" ....
2014-06-06 12:19:34.314 [notice] <0.278.0>@boss_web_controller_handle_request:handle_request:23 ApplicationForPath bettingApp
2014-06-06 12:19:34.315 [info] <0.276.0> Loading routes from "/Users/Suchit/projects/bettingApp/priv/bettingApp.routes" ....
2014-06-06 12:19:34.316 [error] <0.278.0> GET / [bettingApp] 404 0ms
2014-06-06 12:19:45.070 [notice] <0.281.0>@boss_web_controller_handle_request:handle_request:23 ApplicationForPath bettingApp
2014-06-06 12:19:45.071 [info] <0.276.0> Loading routes from "/Users/Suchit/projects/bettingApp/priv/bettingApp.routes" ....
2014-06-06 12:19:45.071 [info] <0.276.0>@boss_router_controller:route:171 Boss Route bettingApp "betting_index" "index" []
2014-06-06 12:19:45.072 [error] <0.276.0> gen_server <0.276.0> terminated with reason: bad argument in call to erlang:list_to_atom(undefined) in boss_router_controller:route/2 line 172
2014-06-06 12:19:45.072 [error] <0.276.0> CRASH REPORT Process <0.276.0> with 0 neighbours exited with reason: bad argument in call to erlang:list_to_atom(undefined) in boss_router_controller:route/2 line 172 in gen_server:terminate/6 line 744
2014-06-06 12:19:45.072 [error] <0.265.0> Supervisor {<0.265.0>,boss_router_sup} had child router_controller started with boss_router_controller:start_link([{application,bettingApp},{controllers,["betting_index_controller"]}]) at <0.276.0> exit with reason bad argument in call to erlang:list_to_atom(undefined) in boss_router_controller:route/2 line 172 in context child_terminated
2014-06-06 12:19:45.072 [error] <0.281.0>@boss_web_controller_handle_request:handle_request:30 Unhandled Error: exit:{{badarg,[{erlang,list_to_atom,[undefined],[]},{boss_router_controller,route,2,[{file,"src/boss/boss_router_controller.erl"},{line,172}]},{boss_router_controller,handle_call,3,[{file,"src/boss/boss_router_controller.erl"},{line,64}]},{gen_server,handle_msg,5,[{file,"gen_server.erl"},{line,585}]},{proc_lib,init_p_do_apply,3,[{file,"proc_lib.erl"},{line,239}]}]},{gen_server,call,[<0.276.0>,{route,"/"}]}}. Stacktrace: [{gen_server,call,2,[{file,"gen_server.erl"},{line,180}]},{boss_web_controller_handle_request,process_dynamic_request,4,[{file,"src/boss/boss_web_controller_handle_request.erl"},{line,237}]},{boss_web_controller_handle_request,process_request,4,[{file,"src/boss/boss_web_controller_handle_request.erl"},{line,228}]},{boss_web_controller_handle_request,set_timer,7,[{file,"src/boss/boss_web_controller_handle_request.erl"},{line,148}]},{boss_web_controller_handle_request,build_dynamic_response,4,[{file,"src/boss/boss_web_controller_handle_request.erl"},{line,122}]},{boss_web_controller_handle_request,handle_request,3,[{file,"src/boss/boss_web_controller_handle_request.erl"},{line,26}]},{mochicow_upgrade,upgrade,4,[{file,"src/mochicow_upgrade.erl"},{line,72}]},{cowboy_protocol,execute,4,[{file,"src/cowboy_protocol.erl"},{line,529}]}]
2014-06-06 12:19:45.073 [info] <0.283.0> Loading routes from "/Users/Suchit/projects/bettingApp/priv/bettingApp.routes" ....
2014-06-06 12:19:58.968 [notice] <0.285.0>@boss_web_controller_handle_request:handle_request:23 ApplicationForPath bettingApp
2014-06-06 12:19:58.969 [info] <0.283.0> Loading routes from "/Users/Suchit/projects/bettingApp/priv/bettingApp.routes" ....
2014-06-06 12:19:58.969 [error] <0.285.0> GET /bettingApp/ [bettingApp] 404 0ms
2014-06-06 12:20:07.623 [notice] <0.288.0>@boss_web_controller_handle_request:handle_request:23 ApplicationForPath bettingApp
2014-06-06 12:20:07.624 [info] <0.283.0> Loading routes from "/Users/Suchit/projects/bettingApp/priv/bettingApp.routes" ....
2014-06-06 12:20:07.624 [info] <0.283.0>@boss_router_controller:route:171 Boss Route bettingApp "betting_index" "index" []
2014-06-06 12:20:07.625 [error] <0.283.0> gen_server <0.283.0> terminated with reason: bad argument in call to erlang:list_to_atom(undefined) in boss_router_controller:route/2 line 172
2014-06-06 12:20:07.625 [error] <0.283.0> CRASH REPORT Process <0.283.0> with 0 neighbours exited with reason: bad argument in call to erlang:list_to_atom(undefined) in boss_router_controller:route/2 line 172 in gen_server:terminate/6 line 744
2014-06-06 12:20:07.625 [error] <0.265.0> Supervisor {<0.265.0>,boss_router_sup} had child router_controller started with boss_router_controller:start_link([{application,bettingApp},{controllers,["betting_index_controller"]}]) at <0.283.0> exit with reason bad argument in call to erlang:list_to_atom(undefined) in boss_router_controller:route/2 line 172 in context child_terminated
2014-06-06 12:20:07.625 [error] <0.288.0>@boss_web_controller_handle_request:handle_request:30 Unhandled Error: exit:{{badarg,[{erlang,list_to_atom,[undefined],[]},{boss_router_controller,route,2,[{file,"src/boss/boss_router_controller.erl"},{line,172}]},{boss_router_controller,handle_call,3,[{file,"src/boss/boss_router_controller.erl"},{line,64}]},{gen_server,handle_msg,5,[{file,"gen_server.erl"},{line,585}]},{proc_lib,init_p_do_apply,3,[{file,"proc_lib.erl"},{line,239}]}]},{gen_server,call,[<0.283.0>,{route,"/"}]}}. Stacktrace: [{gen_server,call,2,[{file,"gen_server.erl"},{line,180}]},{boss_web_controller_handle_request,process_dynamic_request,4,[{file,"src/boss/boss_web_controller_handle_request.erl"},{line,237}]},{boss_web_controller_handle_request,process_request,4,[{file,"src/boss/boss_web_controller_handle_request.erl"},{line,228}]},{boss_web_controller_handle_request,set_timer,7,[{file,"src/boss/boss_web_controller_handle_request.erl"},{line,148}]},{boss_web_controller_handle_request,build_dynamic_response,4,[{file,"src/boss/boss_web_controller_handle_request.erl"},{line,122}]},{boss_web_controller_handle_request,handle_request,3,[{file,"src/boss/boss_web_controller_handle_request.erl"},{line,26}]},{mochicow_upgrade,upgrade,4,[{file,"src/mochicow_upgrade.erl"},{line,72}]},{cowboy_protocol,execute,4,[{file,"src/cowboy_protocol.erl"},{line,529}]}]
2014-06-06 12:20:07.626 [info] <0.291.0> Loading routes from "/Users/Suchit/projects/bettingApp/priv/bettingApp.routes" ....
2014-06-06 12:21:43.091 [notice] <0.293.0>@boss_web_controller_handle_request:handle_request:23 ApplicationForPath bettingApp
2014-06-06 12:21:43.092 [info] <0.291.0> Loading routes from "/Users/Suchit/projects/bettingApp/priv/bettingApp.routes" ....
2014-06-06 12:21:43.093 [info] <0.291.0>@boss_router_controller:route:171 Boss Route bettingApp "betting_index" "index" []
2014-06-06 12:21:43.093 [error] <0.291.0> gen_server <0.291.0> terminated with reason: bad argument in call to erlang:list_to_atom(undefined) in boss_router_controller:route/2 line 172
2014-06-06 12:21:43.094 [error] <0.291.0> CRASH REPORT Process <0.291.0> with 0 neighbours exited with reason: bad argument in call to erlang:list_to_atom(undefined) in boss_router_controller:route/2 line 172 in gen_server:terminate/6 line 744
2014-06-06 12:21:43.094 [error] <0.265.0> Supervisor {<0.265.0>,boss_router_sup} had child router_controller started with boss_router_controller:start_link([{application,bettingApp},{controllers,["betting_index_controller"]}]) at <0.291.0> exit with reason bad argument in call to erlang:list_to_atom(undefined) in boss_router_controller:route/2 line 172 in context child_terminated
2014-06-06 12:21:43.094 [error] <0.293.0>@boss_web_controller_handle_request:handle_request:30 Unhandled Error: exit:{{badarg,[{erlang,list_to_atom,[undefined],[]},{boss_router_controller,route,2,[{file,"src/boss/boss_router_controller.erl"},{line,172}]},{boss_router_controller,handle_call,3,[{file,"src/boss/boss_router_controller.erl"},{line,64}]},{gen_server,handle_msg,5,[{file,"gen_server.erl"},{line,585}]},{proc_lib,init_p_do_apply,3,[{file,"proc_lib.erl"},{line,239}]}]},{gen_server,call,[<0.291.0>,{route,"/"}]}}. Stacktrace: [{gen_server,call,2,[{file,"gen_server.erl"},{line,180}]},{boss_web_controller_handle_request,process_dynamic_request,4,[{file,"src/boss/boss_web_controller_handle_request.erl"},{line,237}]},{boss_web_controller_handle_request,process_request,4,[{file,"src/boss/boss_web_controller_handle_request.erl"},{line,228}]},{boss_web_controller_handle_request,set_timer,7,[{file,"src/boss/boss_web_controller_handle_request.erl"},{line,148}]},{boss_web_controller_handle_request,build_dynamic_response,4,[{file,"src/boss/boss_web_controller_handle_request.erl"},{line,122}]},{boss_web_controller_handle_request,handle_request,3,[{file,"src/boss/boss_web_controller_handle_request.erl"},{line,26}]},{mochicow_upgrade,upgrade,4,[{file,"src/mochicow_upgrade.erl"},{line,72}]},{cowboy_protocol,execute,4,[{file,"src/cowboy_protocol.erl"},{line,529}]}]
2014-06-06 12:21:43.095 [info] <0.296.0> Loading routes from "/Users/Suchit/projects/bettingApp/priv/bettingApp.routes" ....
2014-06-06 12:26:13.185 [notice] <0.298.0>@boss_web_controller_handle_request:handle_request:23 ApplicationForPath bettingApp
2014-06-06 12:26:13.186 [info] <0.296.0> Loading routes from "/Users/Suchit/projects/bettingApp/priv/bettingApp.routes" ....
2014-06-06 12:26:13.187 [info] <0.296.0>@boss_router_controller:route:171 Boss Route bettingApp "bettingApp_index" "index" []
2014-06-06 12:26:13.187 [error] <0.296.0> gen_server <0.296.0> terminated with reason: bad argument in call to erlang:list_to_atom(undefined) in boss_router_controller:route/2 line 172
2014-06-06 12:26:13.187 [error] <0.296.0> CRASH REPORT Process <0.296.0> with 0 neighbours exited with reason: bad argument in call to erlang:list_to_atom(undefined) in boss_router_controller:route/2 line 172 in gen_server:terminate/6 line 744
2014-06-06 12:26:13.188 [error] <0.265.0> Supervisor {<0.265.0>,boss_router_sup} had child router_controller started with boss_router_controller:start_link([{application,bettingApp},{controllers,["betting_index_controller"]}]) at <0.296.0> exit with reason bad argument in call to erlang:list_to_atom(undefined) in boss_router_controller:route/2 line 172 in context child_terminated
2014-06-06 12:26:13.188 [error] <0.298.0>@boss_web_controller_handle_request:handle_request:30 Unhandled Error: exit:{{badarg,[{erlang,list_to_atom,[undefined],[]},{boss_router_controller,route,2,[{file,"src/boss/boss_router_controller.erl"},{line,172}]},{boss_router_controller,handle_call,3,[{file,"src/boss/boss_router_controller.erl"},{line,64}]},{gen_server,handle_msg,5,[{file,"gen_server.erl"},{line,585}]},{proc_lib,init_p_do_apply,3,[{file,"proc_lib.erl"},{line,239}]}]},{gen_server,call,[<0.296.0>,{route,"/"}]}}. Stacktrace: [{gen_server,call,2,[{file,"gen_server.erl"},{line,180}]},{boss_web_controller_handle_request,process_dynamic_request,4,[{file,"src/boss/boss_web_controller_handle_request.erl"},{line,237}]},{boss_web_controller_handle_request,process_request,4,[{file,"src/boss/boss_web_controller_handle_request.erl"},{line,228}]},{boss_web_controller_handle_request,set_timer,7,[{file,"src/boss/boss_web_controller_handle_request.erl"},{line,148}]},{boss_web_controller_handle_request,build_dynamic_response,4,[{file,"src/boss/boss_web_controller_handle_request.erl"},{line,122}]},{boss_web_controller_handle_request,handle_request,3,[{file,"src/boss/boss_web_controller_handle_request.erl"},{line,26}]},{mochicow_upgrade,upgrade,4,[{file,"src/mochicow_upgrade.erl"},{line,72}]},{cowboy_protocol,execute,4,[{file,"src/cowboy_protocol.erl"},{line,529}]}]
2014-06-06 12:26:13.188 [info] <0.301.0> Loading routes from "/Users/Suchit/projects/bettingApp/priv/bettingApp.routes" ....
2014-06-06 12:26:34.079 [info] <0.7.0> Application lager started on node bettingApp@Suchitp
2014-06-06 12:26:34.096 [info] <0.7.0> Application crypto started on node bettingApp@Suchitp
2014-06-06 12:26:34.107 [info] <0.7.0> Application mimetypes started on node bettingApp@Suchitp
2014-06-06 12:26:34.141 [info] <0.98.0> Starting Boss in development mode....

2014-06-06 12:26:34.150 [info] <0.98.0>@boss_db:start:72 Start Database Adapter boss_db_adapter_mock options [{adapter,mock},{cache_enable,false},{cache_prefix,db},{shards,[]},{is_master_node,true},{db_host,"localhost"},{db_port,1978}]
2014-06-06 12:26:34.192 [info] <0.98.0> Starting master services on bettingApp@Suchitp

2014-06-06 12:26:34.211 [info] <0.7.0> Application tinymq started on node bettingApp@Suchitp
2014-06-06 12:26:34.250 [info] <0.98.0> SSL:[]

2014-06-06 12:26:34.253 [info] <0.98.0> Starting cowboy... on bettingApp@Suchitp

2014-06-06 12:26:34.258 [info] <0.7.0> Application cowlib started on node bettingApp@Suchitp
2014-06-06 12:26:34.261 [info] <0.7.0> Application ranch started on node bettingApp@Suchitp
2014-06-06 12:26:34.272 [info] <0.7.0> Application cowboy started on node bettingApp@Suchitp
2014-06-06 12:26:34.272 [info] <0.98.0> Starting http listener... on 0.0.0.0:8001 

2014-06-06 12:26:34.324 [info] <0.98.0>@boss_load:load_all_modules:57 Loading application bettingApp
2014-06-06 12:26:34.340 [info] <0.98.0>@boss_controller_compiler:compile:59 Compile controller /Users/Suchit/projects/bettingApp/src/controller/bettingApp_index_controller.erl
2014-06-06 12:26:34.343 [notice] <0.98.0>@boss_compiler:compile:47 Compile file "/Users/Suchit/projects/bettingApp/src/controller/bettingApp_index_controller.erl" with options [debug_info,{pre_revert_transform,#Fun<boss_controller_compiler.add_routes_to_forms.1>},{out_dir,undefined},{include_dirs,["/Users/Suchit/projects/bettingApp/include"]},{compiler_options,[{parse_transform,lager_transform},return_errors]}] 
2014-06-06 12:26:34.364 [notice] <0.98.0>@boss_compiler:compile:47 Compile file "/Users/Suchit/projects/bettingApp/src/view/lib/tag_modules/bettingApp_custom_tags.erl" with options [{out_dir,undefined},{include_dirs,["/Users/Suchit/projects/bettingApp/include"]},{compiler_options,[{parse_transform,lager_transform},return_errors]}] 
2014-06-06 12:26:34.368 [notice] <0.62.0>@lager_app:132 Deprecated lager_file_backend config detected, please consider updating it
2014-06-06 12:26:34.369 [info] <0.98.0>@boss_load:compile_view_dir_erlydtl:311 Compile Modules "src/view/lib/tag_html"  bettingApp_view_lib_tags
2014-06-06 12:26:34.412 [notice] <0.98.0>@boss_compiler:compile:47 Compile file "/Users/Suchit/projects/bettingApp/priv/init/bettingApp_01_news.erl" with options [{include_dirs,["/Users/Suchit/projects/bettingApp/include"]}] 
2014-06-06 12:26:40.233 [notice] <0.274.0>@boss_web_controller_handle_request:handle_request:23 ApplicationForPath bettingApp
2014-06-06 12:26:40.235 [warning] <0.6.0> lager_error_logger_h dropped 34 messages in the last second that exceeded the limit of 50 messages/sec
2014-06-06 12:26:40.235 [info] <0.266.0> Loading routes from "/Users/Suchit/projects/bettingApp/priv/bettingApp.routes" ....
2014-06-06 12:26:40.236 [info] <0.266.0>@boss_router_controller:route:171 Boss Route bettingApp "bettingApp_index" "index" []
2014-06-06 12:26:40.240 [error] <0.266.0> gen_server <0.266.0> terminated with reason: bad argument in call to erlang:list_to_atom(undefined) in boss_router_controller:route/2 line 172
2014-06-06 12:26:40.240 [error] <0.274.0>@boss_web_controller_handle_request:handle_request:30 Unhandled Error: exit:{{badarg,[{erlang,list_to_atom,[undefined],[]},{boss_router_controller,route,2,[{file,"src/boss/boss_router_controller.erl"},{line,172}]},{boss_router_controller,handle_call,3,[{file,"src/boss/boss_router_controller.erl"},{line,64}]},{gen_server,handle_msg,5,[{file,"gen_server.erl"},{line,585}]},{proc_lib,init_p_do_apply,3,[{file,"proc_lib.erl"},{line,239}]}]},{gen_server,call,[<0.266.0>,{route,"/"}]}}. Stacktrace: [{gen_server,call,2,[{file,"gen_server.erl"},{line,180}]},{boss_web_controller_handle_request,process_dynamic_request,4,[{file,"src/boss/boss_web_controller_handle_request.erl"},{line,237}]},{boss_web_controller_handle_request,process_request,4,[{file,"src/boss/boss_web_controller_handle_request.erl"},{line,228}]},{boss_web_controller_handle_request,set_timer,7,[{file,"src/boss/boss_web_controller_handle_request.erl"},{line,148}]},{boss_web_controller_handle_request,build_dynamic_response,4,[{file,"src/boss/boss_web_controller_handle_request.erl"},{line,122}]},{boss_web_controller_handle_request,handle_request,3,[{file,"src/boss/boss_web_controller_handle_request.erl"},{line,26}]},{mochicow_upgrade,upgrade,4,[{file,"src/mochicow_upgrade.erl"},{line,72}]},{cowboy_protocol,execute,4,[{file,"src/cowboy_protocol.erl"},{line,529}]}]
2014-06-06 12:26:40.240 [error] <0.266.0> CRASH REPORT Process <0.266.0> with 0 neighbours exited with reason: bad argument in call to erlang:list_to_atom(undefined) in boss_router_controller:route/2 line 172 in gen_server:terminate/6 line 744
2014-06-06 12:26:40.240 [error] <0.265.0> Supervisor {<0.265.0>,boss_router_sup} had child router_controller started with boss_router_controller:start_link([{application,bettingApp},{controllers,["bettingApp_index_controller"]}]) at <0.266.0> exit with reason bad argument in call to erlang:list_to_atom(undefined) in boss_router_controller:route/2 line 172 in context child_terminated
2014-06-06 12:26:40.242 [info] <0.277.0> Loading routes from "/Users/Suchit/projects/bettingApp/priv/bettingApp.routes" ....
2014-06-06 12:27:19.510 [info] <0.7.0> Application lager started on node bettingApp@Suchitp
2014-06-06 12:27:19.527 [info] <0.7.0> Application crypto started on node bettingApp@Suchitp
2014-06-06 12:27:19.537 [info] <0.7.0> Application mimetypes started on node bettingApp@Suchitp
2014-06-06 12:27:19.567 [info] <0.98.0> Starting Boss in development mode....

2014-06-06 12:27:19.574 [info] <0.98.0>@boss_db:start:72 Start Database Adapter boss_db_adapter_mock options [{adapter,mock},{cache_enable,false},{cache_prefix,db},{shards,[]},{is_master_node,true},{db_host,"localhost"},{db_port,1978}]
2014-06-06 12:27:19.614 [info] <0.98.0> Starting master services on bettingApp@Suchitp

2014-06-06 12:27:19.631 [info] <0.7.0> Application tinymq started on node bettingApp@Suchitp
2014-06-06 12:27:19.663 [info] <0.98.0> SSL:[]

2014-06-06 12:27:19.666 [info] <0.98.0> Starting cowboy... on bettingApp@Suchitp

2014-06-06 12:27:19.670 [info] <0.7.0> Application cowlib started on node bettingApp@Suchitp
2014-06-06 12:27:19.674 [info] <0.7.0> Application ranch started on node bettingApp@Suchitp
2014-06-06 12:27:19.689 [info] <0.7.0> Application cowboy started on node bettingApp@Suchitp
2014-06-06 12:27:19.689 [info] <0.98.0> Starting http listener... on 0.0.0.0:8001 

2014-06-06 12:27:19.738 [info] <0.98.0>@boss_load:load_all_modules:57 Loading application bettingApp
2014-06-06 12:27:19.752 [info] <0.98.0>@boss_controller_compiler:compile:59 Compile controller /Users/Suchit/projects/bettingApp/src/controller/bettingApp_index_controller.erl
2014-06-06 12:27:19.756 [notice] <0.98.0>@boss_compiler:compile:47 Compile file "/Users/Suchit/projects/bettingApp/src/controller/bettingApp_index_controller.erl" with options [debug_info,{pre_revert_transform,#Fun<boss_controller_compiler.add_routes_to_forms.1>},{out_dir,undefined},{include_dirs,["/Users/Suchit/projects/bettingApp/include"]},{compiler_options,[{parse_transform,lager_transform},return_errors]}] 
2014-06-06 12:27:19.775 [notice] <0.98.0>@boss_compiler:compile:47 Compile file "/Users/Suchit/projects/bettingApp/src/view/lib/tag_modules/bettingApp_custom_tags.erl" with options [{out_dir,undefined},{include_dirs,["/Users/Suchit/projects/bettingApp/include"]},{compiler_options,[{parse_transform,lager_transform},return_errors]}] 
2014-06-06 12:27:19.783 [info] <0.98.0>@boss_load:compile_view_dir_erlydtl:311 Compile Modules "src/view/lib/tag_html"  bettingApp_view_lib_tags
2014-06-06 12:27:19.807 [notice] <0.62.0>@lager_app:132 Deprecated lager_file_backend config detected, please consider updating it
2014-06-06 12:27:19.831 [notice] <0.98.0>@boss_compiler:compile:47 Compile file "/Users/Suchit/projects/bettingApp/priv/init/bettingApp_01_news.erl" with options [{include_dirs,["/Users/Suchit/projects/bettingApp/include"]}] 
2014-06-06 12:27:22.673 [notice] <0.274.0>@boss_web_controller_handle_request:handle_request:23 ApplicationForPath bettingApp
2014-06-06 12:27:22.676 [warning] <0.6.0> lager_error_logger_h dropped 71 messages in the last second that exceeded the limit of 50 messages/sec
2014-06-06 12:27:22.676 [info] <0.266.0> Loading routes from "/Users/Suchit/projects/bettingApp/priv/bettingApp.routes" ....
2014-06-06 12:27:22.676 [info] <0.266.0>@boss_router_controller:route:171 Boss Route bettingApp "bettingApp_index_controller" "index" []
2014-06-06 12:27:22.679 [error] <0.266.0> gen_server <0.266.0> terminated with reason: bad argument in call to erlang:list_to_atom(undefined) in boss_router_controller:route/2 line 172
2014-06-06 12:27:22.679 [error] <0.266.0> CRASH REPORT Process <0.266.0> with 0 neighbours exited with reason: bad argument in call to erlang:list_to_atom(undefined) in boss_router_controller:route/2 line 172 in gen_server:terminate/6 line 744
2014-06-06 12:27:22.679 [error] <0.265.0> Supervisor {<0.265.0>,boss_router_sup} had child router_controller started with boss_router_controller:start_link([{application,bettingApp},{controllers,["bettingApp_index_controller"]}]) at <0.266.0> exit with reason bad argument in call to erlang:list_to_atom(undefined) in boss_router_controller:route/2 line 172 in context child_terminated
2014-06-06 12:27:22.679 [error] <0.274.0>@boss_web_controller_handle_request:handle_request:30 Unhandled Error: exit:{{badarg,[{erlang,list_to_atom,[undefined],[]},{boss_router_controller,route,2,[{file,"src/boss/boss_router_controller.erl"},{line,172}]},{boss_router_controller,handle_call,3,[{file,"src/boss/boss_router_controller.erl"},{line,64}]},{gen_server,handle_msg,5,[{file,"gen_server.erl"},{line,585}]},{proc_lib,init_p_do_apply,3,[{file,"proc_lib.erl"},{line,239}]}]},{gen_server,call,[<0.266.0>,{route,"/"}]}}. Stacktrace: [{gen_server,call,2,[{file,"gen_server.erl"},{line,180}]},{boss_web_controller_handle_request,process_dynamic_request,4,[{file,"src/boss/boss_web_controller_handle_request.erl"},{line,237}]},{boss_web_controller_handle_request,process_request,4,[{file,"src/boss/boss_web_controller_handle_request.erl"},{line,228}]},{boss_web_controller_handle_request,set_timer,7,[{file,"src/boss/boss_web_controller_handle_request.erl"},{line,148}]},{boss_web_controller_handle_request,build_dynamic_response,4,[{file,"src/boss/boss_web_controller_handle_request.erl"},{line,122}]},{boss_web_controller_handle_request,handle_request,3,[{file,"src/boss/boss_web_controller_handle_request.erl"},{line,26}]},{mochicow_upgrade,upgrade,4,[{file,"src/mochicow_upgrade.erl"},{line,72}]},{cowboy_protocol,execute,4,[{file,"src/cowboy_protocol.erl"},{line,529}]}]
2014-06-06 12:27:22.679 [info] <0.277.0> Loading routes from "/Users/Suchit/projects/bettingApp/priv/bettingApp.routes" ....
2014-06-06 12:27:23.468 [notice] <0.275.0>@boss_web_controller_handle_request:handle_request:23 ApplicationForPath bettingApp
2014-06-06 12:27:23.469 [info] <0.277.0> Loading routes from "/Users/Suchit/projects/bettingApp/priv/bettingApp.routes" ....
2014-06-06 12:27:23.470 [info] <0.277.0>@boss_router_controller:route:171 Boss Route bettingApp "bettingApp_index_controller" "index" []
2014-06-06 12:27:23.470 [error] <0.277.0> gen_server <0.277.0> terminated with reason: bad argument in call to erlang:list_to_atom(undefined) in boss_router_controller:route/2 line 172
2014-06-06 12:27:23.470 [error] <0.277.0> CRASH REPORT Process <0.277.0> with 0 neighbours exited with reason: bad argument in call to erlang:list_to_atom(undefined) in boss_router_controller:route/2 line 172 in gen_server:terminate/6 line 744
2014-06-06 12:27:23.470 [error] <0.275.0>@boss_web_controller_handle_request:handle_request:30 Unhandled Error: exit:{{badarg,[{erlang,list_to_atom,[undefined],[]},{boss_router_controller,route,2,[{file,"src/boss/boss_router_controller.erl"},{line,172}]},{boss_router_controller,handle_call,3,[{file,"src/boss/boss_router_controller.erl"},{line,64}]},{gen_server,handle_msg,5,[{file,"gen_server.erl"},{line,585}]},{proc_lib,init_p_do_apply,3,[{file,"proc_lib.erl"},{line,239}]}]},{gen_server,call,[<0.277.0>,{route,"/"}]}}. Stacktrace: [{gen_server,call,2,[{file,"gen_server.erl"},{line,180}]},{boss_web_controller_handle_request,process_dynamic_request,4,[{file,"src/boss/boss_web_controller_handle_request.erl"},{line,237}]},{boss_web_controller_handle_request,process_request,4,[{file,"src/boss/boss_web_controller_handle_request.erl"},{line,228}]},{boss_web_controller_handle_request,set_timer,7,[{file,"src/boss/boss_web_controller_handle_request.erl"},{line,148}]},{boss_web_controller_handle_request,build_dynamic_response,4,[{file,"src/boss/boss_web_controller_handle_request.erl"},{line,122}]},{boss_web_controller_handle_request,handle_request,3,[{file,"src/boss/boss_web_controller_handle_request.erl"},{line,26}]},{mochicow_upgrade,upgrade,4,[{file,"src/mochicow_upgrade.erl"},{line,72}]},{cowboy_protocol,execute,4,[{file,"src/cowboy_protocol.erl"},{line,529}]}]
2014-06-06 12:27:23.471 [error] <0.265.0> Supervisor {<0.265.0>,boss_router_sup} had child router_controller started with boss_router_controller:start_link([{application,bettingApp},{controllers,["bettingApp_index_controller"]}]) at <0.277.0> exit with reason bad argument in call to erlang:list_to_atom(undefined) in boss_router_controller:route/2 line 172 in context child_terminated
2014-06-06 12:27:23.471 [info] <0.281.0> Loading routes from "/Users/Suchit/projects/bettingApp/priv/bettingApp.routes" ....
2014-06-06 12:27:23.861 [notice] <0.279.0>@boss_web_controller_handle_request:handle_request:23 ApplicationForPath bettingApp
2014-06-06 12:27:23.862 [info] <0.281.0> Loading routes from "/Users/Suchit/projects/bettingApp/priv/bettingApp.routes" ....
2014-06-06 12:27:23.863 [info] <0.281.0>@boss_router_controller:route:171 Boss Route bettingApp "bettingApp_index_controller" "index" []
2014-06-06 12:27:23.863 [error] <0.281.0> gen_server <0.281.0> terminated with reason: bad argument in call to erlang:list_to_atom(undefined) in boss_router_controller:route/2 line 172
2014-06-06 12:27:23.863 [error] <0.281.0> CRASH REPORT Process <0.281.0> with 0 neighbours exited with reason: bad argument in call to erlang:list_to_atom(undefined) in boss_router_controller:route/2 line 172 in gen_server:terminate/6 line 744
2014-06-06 12:27:23.863 [error] <0.265.0> Supervisor {<0.265.0>,boss_router_sup} had child router_controller started with boss_router_controller:start_link([{application,bettingApp},{controllers,["bettingApp_index_controller"]}]) at <0.281.0> exit with reason bad argument in call to erlang:list_to_atom(undefined) in boss_router_controller:route/2 line 172 in context child_terminated
2014-06-06 12:27:23.863 [error] <0.279.0>@boss_web_controller_handle_request:handle_request:30 Unhandled Error: exit:{{badarg,[{erlang,list_to_atom,[undefined],[]},{boss_router_controller,route,2,[{file,"src/boss/boss_router_controller.erl"},{line,172}]},{boss_router_controller,handle_call,3,[{file,"src/boss/boss_router_controller.erl"},{line,64}]},{gen_server,handle_msg,5,[{file,"gen_server.erl"},{line,585}]},{proc_lib,init_p_do_apply,3,[{file,"proc_lib.erl"},{line,239}]}]},{gen_server,call,[<0.281.0>,{route,"/"}]}}. Stacktrace: [{gen_server,call,2,[{file,"gen_server.erl"},{line,180}]},{boss_web_controller_handle_request,process_dynamic_request,4,[{file,"src/boss/boss_web_controller_handle_request.erl"},{line,237}]},{boss_web_controller_handle_request,process_request,4,[{file,"src/boss/boss_web_controller_handle_request.erl"},{line,228}]},{boss_web_controller_handle_request,set_timer,7,[{file,"src/boss/boss_web_controller_handle_request.erl"},{line,148}]},{boss_web_controller_handle_request,build_dynamic_response,4,[{file,"src/boss/boss_web_controller_handle_request.erl"},{line,122}]},{boss_web_controller_handle_request,handle_request,3,[{file,"src/boss/boss_web_controller_handle_request.erl"},{line,26}]},{mochicow_upgrade,upgrade,4,[{file,"src/mochicow_upgrade.erl"},{line,72}]},{cowboy_protocol,execute,4,[{file,"src/cowboy_protocol.erl"},{line,529}]}]
2014-06-06 12:27:23.863 [info] <0.285.0> Loading routes from "/Users/Suchit/projects/bettingApp/priv/bettingApp.routes" ....
2014-06-06 12:30:20.849 [info] <0.7.0> Application lager started on node nonode@nohost
2014-06-06 12:30:20.878 [info] <0.2.0>@boss_load:load_all_modules:57 Loading application bettingApp
2014-06-06 12:30:20.878 [notice] <0.2.0>@boss_compiler:compile:47 Compile file "/Users/Suchit/projects/bettingApp/src/mail/bettingApp_incoming_mail_controller.erl" with options [{out_dir,"ebin"},{include_dirs,["/Users/Suchit/projects/bettingApp/include"]},{compiler_options,[{parse_transform,lager_transform},return_errors]}] 
2014-06-06 12:30:20.894 [notice] <0.2.0>@boss_compiler:compile:47 Compile file "/Users/Suchit/projects/bettingApp/src/mail/bettingApp_outgoing_mail_controller.erl" with options [{out_dir,"ebin"},{include_dirs,["/Users/Suchit/projects/bettingApp/include"]},{compiler_options,[{parse_transform,lager_transform},return_errors]}] 
2014-06-06 12:30:20.897 [info] <0.2.0>@boss_controller_compiler:compile:59 Compile controller /Users/Suchit/projects/bettingApp/src/controller/bettingApp_index_controller.erl
2014-06-06 12:30:20.897 [notice] <0.2.0>@boss_compiler:compile:47 Compile file "/Users/Suchit/projects/bettingApp/src/controller/bettingApp_index_controller.erl" with options [debug_info,{pre_revert_transform,#Fun<boss_controller_compiler.add_routes_to_forms.1>},{out_dir,"ebin"},{include_dirs,["/Users/Suchit/projects/bettingApp/include"]},{compiler_options,[{parse_transform,lager_transform},return_errors]}] 
2014-06-06 12:30:20.902 [notice] <0.2.0>@boss_compiler:compile:47 Compile file "/Users/Suchit/projects/bettingApp/src/view/lib/tag_modules/bettingApp_custom_tags.erl" with options [{out_dir,"ebin"},{include_dirs,["/Users/Suchit/projects/bettingApp/include"]},{compiler_options,[{parse_transform,lager_transform},return_errors]}] 
2014-06-06 12:30:20.905 [notice] <0.2.0>@boss_compiler:compile:47 Compile file "/Users/Suchit/projects/bettingApp/src/view/lib/filter_modules/bettingApp_custom_filters.erl" with options [{out_dir,"ebin"},{include_dirs,["/Users/Suchit/projects/bettingApp/include"]},{compiler_options,[{parse_transform,lager_transform},return_errors]}] 
2014-06-06 12:30:20.907 [info] <0.2.0>@boss_load:compile_view_dir_erlydtl:311 Compile Modules "src/view/lib/tag_html"  bettingApp_view_lib_tags
2014-06-06 12:30:29.006 [info] <0.7.0> Application lager started on node bettingApp@Suchitp
2014-06-06 12:30:29.023 [info] <0.7.0> Application crypto started on node bettingApp@Suchitp
2014-06-06 12:30:29.033 [info] <0.7.0> Application mimetypes started on node bettingApp@Suchitp
2014-06-06 12:30:29.067 [info] <0.98.0> Starting Boss in development mode....

2014-06-06 12:30:29.075 [info] <0.98.0>@boss_db:start:72 Start Database Adapter boss_db_adapter_mock options [{adapter,mock},{cache_enable,false},{cache_prefix,db},{shards,[]},{is_master_node,true},{db_host,"localhost"},{db_port,1978}]
2014-06-06 12:30:29.113 [info] <0.98.0> Starting master services on bettingApp@Suchitp

2014-06-06 12:30:29.126 [info] <0.7.0> Application tinymq started on node bettingApp@Suchitp
2014-06-06 12:30:29.158 [info] <0.98.0> SSL:[]

2014-06-06 12:30:29.161 [info] <0.98.0> Starting cowboy... on bettingApp@Suchitp

2014-06-06 12:30:29.165 [info] <0.7.0> Application cowlib started on node bettingApp@Suchitp
2014-06-06 12:30:29.169 [info] <0.7.0> Application ranch started on node bettingApp@Suchitp
2014-06-06 12:30:29.179 [info] <0.7.0> Application cowboy started on node bettingApp@Suchitp
2014-06-06 12:30:29.179 [info] <0.98.0> Starting http listener... on 0.0.0.0:8001 

2014-06-06 12:30:29.227 [info] <0.98.0>@boss_load:load_all_modules:57 Loading application bettingApp
2014-06-06 12:30:29.239 [info] <0.98.0>@boss_load:compile_view_dir_erlydtl:311 Compile Modules "src/view/lib/tag_html"  bettingApp_view_lib_tags
2014-06-06 12:30:29.283 [notice] <0.98.0>@boss_compiler:compile:47 Compile file "/Users/Suchit/projects/bettingApp/priv/init/bettingApp_01_news.erl" with options [{include_dirs,["/Users/Suchit/projects/bettingApp/include"]}] 
2014-06-06 12:30:29.299 [notice] <0.62.0>@lager_app:132 Deprecated lager_file_backend config detected, please consider updating it
2014-06-06 12:30:37.648 [notice] <0.272.0>@boss_web_controller_handle_request:handle_request:23 ApplicationForPath bettingApp
2014-06-06 12:30:37.650 [warning] <0.6.0> lager_error_logger_h dropped 34 messages in the last second that exceeded the limit of 50 messages/sec
2014-06-06 12:30:37.650 [info] <0.266.0> Loading routes from "/Users/Suchit/projects/bettingApp/priv/bettingApp.routes" ....
2014-06-06 12:30:37.651 [info] <0.266.0>@boss_router_controller:route:171 Boss Route bettingApp "bettingApp_index_controller" "index" []
2014-06-06 12:30:37.653 [error] <0.266.0> gen_server <0.266.0> terminated with reason: bad argument in call to erlang:list_to_atom(undefined) in boss_router_controller:route/2 line 172
2014-06-06 12:30:37.654 [error] <0.266.0> CRASH REPORT Process <0.266.0> with 0 neighbours exited with reason: bad argument in call to erlang:list_to_atom(undefined) in boss_router_controller:route/2 line 172 in gen_server:terminate/6 line 744
2014-06-06 12:30:37.654 [error] <0.265.0> Supervisor {<0.265.0>,boss_router_sup} had child router_controller started with boss_router_controller:start_link([{application,bettingApp},{controllers,["bettingApp_index_controller"]}]) at <0.266.0> exit with reason bad argument in call to erlang:list_to_atom(undefined) in boss_router_controller:route/2 line 172 in context child_terminated
2014-06-06 12:30:37.654 [error] <0.272.0>@boss_web_controller_handle_request:handle_request:30 Unhandled Error: exit:{{badarg,[{erlang,list_to_atom,[undefined],[]},{boss_router_controller,route,2,[{file,"src/boss/boss_router_controller.erl"},{line,172}]},{boss_router_controller,handle_call,3,[{file,"src/boss/boss_router_controller.erl"},{line,64}]},{gen_server,handle_msg,5,[{file,"gen_server.erl"},{line,585}]},{proc_lib,init_p_do_apply,3,[{file,"proc_lib.erl"},{line,239}]}]},{gen_server,call,[<0.266.0>,{route,"/"}]}}. Stacktrace: [{gen_server,call,2,[{file,"gen_server.erl"},{line,180}]},{boss_web_controller_handle_request,process_dynamic_request,4,[{file,"src/boss/boss_web_controller_handle_request.erl"},{line,237}]},{boss_web_controller_handle_request,process_request,4,[{file,"src/boss/boss_web_controller_handle_request.erl"},{line,228}]},{boss_web_controller_handle_request,set_timer,7,[{file,"src/boss/boss_web_controller_handle_request.erl"},{line,148}]},{boss_web_controller_handle_request,build_dynamic_response,4,[{file,"src/boss/boss_web_controller_handle_request.erl"},{line,122}]},{boss_web_controller_handle_request,handle_request,3,[{file,"src/boss/boss_web_controller_handle_request.erl"},{line,26}]},{mochicow_upgrade,upgrade,4,[{file,"src/mochicow_upgrade.erl"},{line,72}]},{cowboy_protocol,execute,4,[{file,"src/cowboy_protocol.erl"},{line,529}]}]
2014-06-06 12:30:37.655 [info] <0.275.0> Loading routes from "/Users/Suchit/projects/bettingApp/priv/bettingApp.routes" ....
2014-06-06 12:31:18.229 [notice] <0.277.0>@boss_web_controller_handle_request:handle_request:23 ApplicationForPath bettingApp
2014-06-06 12:31:18.230 [info] <0.275.0> Loading routes from "/Users/Suchit/projects/bettingApp/priv/bettingApp.routes" ....
2014-06-06 12:31:18.231 [info] <0.275.0>@boss_router_controller:route:171 Boss Route bettingApp "bettingApp_index_controller" "index" []
2014-06-06 12:31:18.231 [error] <0.275.0> gen_server <0.275.0> terminated with reason: bad argument in call to erlang:list_to_atom(undefined) in boss_router_controller:route/2 line 172
2014-06-06 12:31:18.231 [error] <0.275.0> CRASH REPORT Process <0.275.0> with 0 neighbours exited with reason: bad argument in call to erlang:list_to_atom(undefined) in boss_router_controller:route/2 line 172 in gen_server:terminate/6 line 744
2014-06-06 12:31:18.232 [error] <0.265.0> Supervisor {<0.265.0>,boss_router_sup} had child router_controller started with boss_router_controller:start_link([{application,bettingApp},{controllers,["bettingApp_index_controller"]}]) at <0.275.0> exit with reason bad argument in call to erlang:list_to_atom(undefined) in boss_router_controller:route/2 line 172 in context child_terminated
2014-06-06 12:31:18.232 [error] <0.277.0>@boss_web_controller_handle_request:handle_request:30 Unhandled Error: exit:{{badarg,[{erlang,list_to_atom,[undefined],[]},{boss_router_controller,route,2,[{file,"src/boss/boss_router_controller.erl"},{line,172}]},{boss_router_controller,handle_call,3,[{file,"src/boss/boss_router_controller.erl"},{line,64}]},{gen_server,handle_msg,5,[{file,"gen_server.erl"},{line,585}]},{proc_lib,init_p_do_apply,3,[{file,"proc_lib.erl"},{line,239}]}]},{gen_server,call,[<0.275.0>,{route,"/"}]}}. Stacktrace: [{gen_server,call,2,[{file,"gen_server.erl"},{line,180}]},{boss_web_controller_handle_request,process_dynamic_request,4,[{file,"src/boss/boss_web_controller_handle_request.erl"},{line,237}]},{boss_web_controller_handle_request,process_request,4,[{file,"src/boss/boss_web_controller_handle_request.erl"},{line,228}]},{boss_web_controller_handle_request,set_timer,7,[{file,"src/boss/boss_web_controller_handle_request.erl"},{line,148}]},{boss_web_controller_handle_request,build_dynamic_response,4,[{file,"src/boss/boss_web_controller_handle_request.erl"},{line,122}]},{boss_web_controller_handle_request,handle_request,3,[{file,"src/boss/boss_web_controller_handle_request.erl"},{line,26}]},{mochicow_upgrade,upgrade,4,[{file,"src/mochicow_upgrade.erl"},{line,72}]},{cowboy_protocol,execute,4,[{file,"src/cowboy_protocol.erl"},{line,529}]}]
2014-06-06 12:31:18.232 [info] <0.280.0> Loading routes from "/Users/Suchit/projects/bettingApp/priv/bettingApp.routes" ....
2014-06-06 12:36:17.927 [notice] <0.282.0>@boss_web_controller_handle_request:handle_request:23 ApplicationForPath bettingApp
2014-06-06 12:36:17.928 [info] <0.280.0> Loading routes from "/Users/Suchit/projects/bettingApp/priv/bettingApp.routes" ....
2014-06-06 12:36:17.929 [info] <0.280.0>@boss_router_controller:route:171 Boss Route bettingApp "index" "index" []
2014-06-06 12:36:17.937 [info] <0.282.0>@boss_controller_compiler:compile:59 Compile controller /Users/Suchit/projects/bettingApp/src/controller/bettingApp_index_controller.erl
2014-06-06 12:36:17.937 [notice] <0.282.0>@boss_compiler:compile:47 Compile file "/Users/Suchit/projects/bettingApp/src/controller/bettingApp_index_controller.erl" with options [debug_info,{pre_revert_transform,#Fun<boss_controller_compiler.add_routes_to_forms.1>},{out_dir,undefined},{include_dirs,["/Users/Suchit/projects/bettingApp/include"]},{compiler_options,[{parse_transform,lager_transform},return_errors]}] 
2014-06-06 12:36:17.954 [notice] <0.282.0>@boss_controller_adapter_pmod:action:91 Request Method 'GET'
2014-06-06 12:36:17.954 [notice] <0.282.0>@boss_controller_adapter_pmod:action:92 Tokens []
2014-06-06 12:36:17.958 [info] <0.282.0> GET / [bettingApp] 200 0ms
2014-06-06 12:36:55.327 [notice] <0.286.0>@boss_web_controller_handle_request:handle_request:23 ApplicationForPath bettingApp
2014-06-06 12:36:55.328 [info] <0.280.0> Loading routes from "/Users/Suchit/projects/bettingApp/priv/bettingApp.routes" ....
2014-06-06 12:36:55.328 [info] <0.280.0>@boss_router_controller:route:171 Boss Route bettingApp "index" "index" []
2014-06-06 12:36:55.330 [info] <0.286.0>@boss_controller_compiler:compile:59 Compile controller /Users/Suchit/projects/bettingApp/src/controller/bettingApp_index_controller.erl
2014-06-06 12:36:55.330 [notice] <0.286.0>@boss_compiler:compile:47 Compile file "/Users/Suchit/projects/bettingApp/src/controller/bettingApp_index_controller.erl" with options [debug_info,{pre_revert_transform,#Fun<boss_controller_compiler.add_routes_to_forms.1>},{out_dir,undefined},{include_dirs,["/Users/Suchit/projects/bettingApp/include"]},{compiler_options,[{parse_transform,lager_transform},return_errors]}] 
2014-06-06 12:36:55.337 [notice] <0.286.0>@boss_controller_adapter_pmod:action:91 Request Method 'GET'
2014-06-06 12:36:55.337 [notice] <0.286.0>@boss_controller_adapter_pmod:action:92 Tokens []
2014-06-06 12:36:55.338 [info] <0.286.0> GET / [bettingApp] 200 0ms
2014-06-06 12:59:10.662 [notice] <0.290.0>@boss_web_controller_handle_request:handle_request:23 ApplicationForPath bettingApp
2014-06-06 12:59:10.663 [info] <0.280.0> Loading routes from "/Users/Suchit/projects/bettingApp/priv/bettingApp.routes" ....
2014-06-06 12:59:10.664 [info] <0.280.0>@boss_router_controller:route:171 Boss Route bettingApp "index" "index" []
2014-06-06 12:59:10.666 [info] <0.290.0>@boss_controller_compiler:compile:59 Compile controller /Users/Suchit/projects/bettingApp/src/controller/bettingApp_index_controller.erl
2014-06-06 12:59:10.666 [notice] <0.290.0>@boss_compiler:compile:47 Compile file "/Users/Suchit/projects/bettingApp/src/controller/bettingApp_index_controller.erl" with options [debug_info,{pre_revert_transform,#Fun<boss_controller_compiler.add_routes_to_forms.1>},{out_dir,undefined},{include_dirs,["/Users/Suchit/projects/bettingApp/include"]},{compiler_options,[{parse_transform,lager_transform},return_errors]}] 
2014-06-06 12:59:10.671 [notice] <0.290.0>@boss_controller_adapter_pmod:action:91 Request Method 'GET'
2014-06-06 12:59:10.671 [notice] <0.290.0>@boss_controller_adapter_pmod:action:92 Tokens []
2014-06-06 12:59:10.671 [notice] <0.290.0>@boss_controller_adapter_pmod:action:100 [ChicagoBoss] The function bettingApp_index_controller:index/2 is not exported, if in doubt add -export([index/2])) to the module
2014-06-06 12:59:10.698 [info] <0.290.0> GET / [bettingApp] 200 0ms
2014-06-06 12:59:17.504 [notice] <0.295.0>@boss_web_controller_handle_request:handle_request:23 ApplicationForPath bettingApp
2014-06-06 12:59:17.504 [info] <0.280.0> Loading routes from "/Users/Suchit/projects/bettingApp/priv/bettingApp.routes" ....
2014-06-06 12:59:17.505 [info] <0.280.0>@boss_router_controller:route:171 Boss Route bettingApp "index" "index" []
2014-06-06 12:59:17.507 [info] <0.295.0>@boss_controller_compiler:compile:59 Compile controller /Users/Suchit/projects/bettingApp/src/controller/bettingApp_index_controller.erl
2014-06-06 12:59:17.507 [notice] <0.295.0>@boss_compiler:compile:47 Compile file "/Users/Suchit/projects/bettingApp/src/controller/bettingApp_index_controller.erl" with options [debug_info,{pre_revert_transform,#Fun<boss_controller_compiler.add_routes_to_forms.1>},{out_dir,undefined},{include_dirs,["/Users/Suchit/projects/bettingApp/include"]},{compiler_options,[{parse_transform,lager_transform},return_errors]}] 
2014-06-06 12:59:17.512 [notice] <0.295.0>@boss_controller_adapter_pmod:action:91 Request Method 'GET'
2014-06-06 12:59:17.512 [notice] <0.295.0>@boss_controller_adapter_pmod:action:92 Tokens []
2014-06-06 12:59:17.512 [notice] <0.295.0>@boss_controller_adapter_pmod:action:100 [ChicagoBoss] The function bettingApp_index_controller:index/2 is not exported, if in doubt add -export([index/2])) to the module
2014-06-06 12:59:17.513 [info] <0.295.0> GET / [bettingApp] 200 0ms
2014-06-06 12:59:18.237 [notice] <0.298.0>@boss_web_controller_handle_request:handle_request:23 ApplicationForPath bettingApp
2014-06-06 12:59:18.238 [info] <0.280.0> Loading routes from "/Users/Suchit/projects/bettingApp/priv/bettingApp.routes" ....
2014-06-06 12:59:18.239 [info] <0.280.0>@boss_router_controller:route:171 Boss Route bettingApp "index" "index" []
2014-06-06 12:59:18.240 [info] <0.298.0>@boss_controller_compiler:compile:59 Compile controller /Users/Suchit/projects/bettingApp/src/controller/bettingApp_index_controller.erl
2014-06-06 12:59:18.241 [notice] <0.298.0>@boss_compiler:compile:47 Compile file "/Users/Suchit/projects/bettingApp/src/controller/bettingApp_index_controller.erl" with options [debug_info,{pre_revert_transform,#Fun<boss_controller_compiler.add_routes_to_forms.1>},{out_dir,undefined},{include_dirs,["/Users/Suchit/projects/bettingApp/include"]},{compiler_options,[{parse_transform,lager_transform},return_errors]}] 
2014-06-06 12:59:18.246 [notice] <0.298.0>@boss_controller_adapter_pmod:action:91 Request Method 'GET'
2014-06-06 12:59:18.246 [notice] <0.298.0>@boss_controller_adapter_pmod:action:92 Tokens []
2014-06-06 12:59:18.246 [notice] <0.298.0>@boss_controller_adapter_pmod:action:100 [ChicagoBoss] The function bettingApp_index_controller:index/2 is not exported, if in doubt add -export([index/2])) to the module
2014-06-06 12:59:18.248 [info] <0.298.0> GET / [bettingApp] 200 0ms
2014-06-06 12:59:18.905 [notice] <0.299.0>@boss_web_controller_handle_request:handle_request:23 ApplicationForPath bettingApp
2014-06-06 12:59:18.906 [info] <0.280.0> Loading routes from "/Users/Suchit/projects/bettingApp/priv/bettingApp.routes" ....
2014-06-06 12:59:18.906 [info] <0.280.0>@boss_router_controller:route:171 Boss Route bettingApp "index" "index" []
2014-06-06 12:59:18.908 [notice] <0.299.0>@boss_controller_adapter_pmod:action:91 Request Method 'GET'
2014-06-06 12:59:18.908 [notice] <0.299.0>@boss_controller_adapter_pmod:action:92 Tokens []
2014-06-06 12:59:18.908 [notice] <0.299.0>@boss_controller_adapter_pmod:action:100 [ChicagoBoss] The function bettingApp_index_controller:index/2 is not exported, if in doubt add -export([index/2])) to the module
2014-06-06 12:59:18.909 [info] <0.299.0> GET / [bettingApp] 200 0ms
2014-06-06 12:59:19.455 [notice] <0.302.0>@boss_web_controller_handle_request:handle_request:23 ApplicationForPath bettingApp
2014-06-06 12:59:19.456 [info] <0.280.0> Loading routes from "/Users/Suchit/projects/bettingApp/priv/bettingApp.routes" ....
2014-06-06 12:59:19.456 [info] <0.280.0>@boss_router_controller:route:171 Boss Route bettingApp "index" "index" []
2014-06-06 12:59:19.458 [notice] <0.302.0>@boss_controller_adapter_pmod:action:91 Request Method 'GET'
2014-06-06 12:59:19.458 [notice] <0.302.0>@boss_controller_adapter_pmod:action:92 Tokens []
2014-06-06 12:59:19.458 [notice] <0.302.0>@boss_controller_adapter_pmod:action:100 [ChicagoBoss] The function bettingApp_index_controller:index/2 is not exported, if in doubt add -export([index/2])) to the module
2014-06-06 12:59:19.459 [info] <0.302.0> GET / [bettingApp] 200 0ms
2014-06-06 12:59:19.862 [notice] <0.304.0>@boss_web_controller_handle_request:handle_request:23 ApplicationForPath bettingApp
2014-06-06 12:59:19.862 [info] <0.280.0> Loading routes from "/Users/Suchit/projects/bettingApp/priv/bettingApp.routes" ....
2014-06-06 12:59:19.863 [info] <0.280.0>@boss_router_controller:route:171 Boss Route bettingApp "index" "index" []
2014-06-06 12:59:19.866 [notice] <0.304.0>@boss_controller_adapter_pmod:action:91 Request Method 'GET'
2014-06-06 12:59:19.866 [notice] <0.304.0>@boss_controller_adapter_pmod:action:92 Tokens []
2014-06-06 12:59:19.866 [notice] <0.304.0>@boss_controller_adapter_pmod:action:100 [ChicagoBoss] The function bettingApp_index_controller:index/2 is not exported, if in doubt add -export([index/2])) to the module
2014-06-06 12:59:19.867 [info] <0.304.0> GET / [bettingApp] 200 0ms
2014-06-06 12:59:34.935 [notice] <0.308.0>@boss_web_controller_handle_request:handle_request:23 ApplicationForPath bettingApp
2014-06-06 12:59:34.936 [info] <0.280.0> Loading routes from "/Users/Suchit/projects/bettingApp/priv/bettingApp.routes" ....
2014-06-06 12:59:34.937 [info] <0.280.0>@boss_router_controller:route:171 Boss Route bettingApp "index" "index" []
2014-06-06 12:59:34.938 [info] <0.308.0>@boss_controller_compiler:compile:59 Compile controller /Users/Suchit/projects/bettingApp/src/controller/bettingApp_index_controller.erl
2014-06-06 12:59:34.938 [notice] <0.308.0>@boss_compiler:compile:47 Compile file "/Users/Suchit/projects/bettingApp/src/controller/bettingApp_index_controller.erl" with options [debug_info,{pre_revert_transform,#Fun<boss_controller_compiler.add_routes_to_forms.1>},{out_dir,undefined},{include_dirs,["/Users/Suchit/projects/bettingApp/include"]},{compiler_options,[{parse_transform,lager_transform},return_errors]}] 
2014-06-06 12:59:34.939 [error] <0.308.0>@boss_load:compile_and_accumulate_errors:261 Compile Error, "src/controller/bettingApp_index_controller.erl" -> [{"/Users/Suchit/projects/bettingApp/src/controller/bettingApp_index_controller.erl",[{4,erl_parse,["syntax error before: ","'.'"]}]}]
2014-06-06 12:59:34.945 [info] <0.308.0> GET / [bettingApp] 200 0ms
2014-06-06 12:59:38.935 [notice] <0.309.0>@boss_web_controller_handle_request:handle_request:23 ApplicationForPath bettingApp
2014-06-06 12:59:38.935 [info] <0.280.0> Loading routes from "/Users/Suchit/projects/bettingApp/priv/bettingApp.routes" ....
2014-06-06 12:59:38.936 [info] <0.280.0>@boss_router_controller:route:171 Boss Route bettingApp "index" "index" []
2014-06-06 12:59:38.938 [info] <0.309.0>@boss_controller_compiler:compile:59 Compile controller /Users/Suchit/projects/bettingApp/src/controller/bettingApp_index_controller.erl
2014-06-06 12:59:38.938 [notice] <0.309.0>@boss_compiler:compile:47 Compile file "/Users/Suchit/projects/bettingApp/src/controller/bettingApp_index_controller.erl" with options [debug_info,{pre_revert_transform,#Fun<boss_controller_compiler.add_routes_to_forms.1>},{out_dir,undefined},{include_dirs,["/Users/Suchit/projects/bettingApp/include"]},{compiler_options,[{parse_transform,lager_transform},return_errors]}] 
2014-06-06 12:59:38.942 [notice] <0.309.0>@boss_controller_adapter_pmod:action:91 Request Method 'GET'
2014-06-06 12:59:38.942 [notice] <0.309.0>@boss_controller_adapter_pmod:action:92 Tokens []
2014-06-06 12:59:38.942 [notice] <0.309.0>@boss_controller_adapter_pmod:action:100 [ChicagoBoss] The function bettingApp_index_controller:index/2 is not exported, if in doubt add -export([index/2])) to the module
2014-06-06 12:59:38.944 [info] <0.309.0> GET / [bettingApp] 200 0ms
2014-06-06 13:00:14.810 [notice] <0.316.0>@boss_web_controller_handle_request:handle_request:23 ApplicationForPath bettingApp
2014-06-06 13:00:14.811 [info] <0.280.0> Loading routes from "/Users/Suchit/projects/bettingApp/priv/bettingApp.routes" ....
2014-06-06 13:00:14.812 [info] <0.280.0>@boss_router_controller:route:171 Boss Route bettingApp "index" "index" []
2014-06-06 13:00:14.814 [info] <0.316.0>@boss_controller_compiler:compile:59 Compile controller /Users/Suchit/projects/bettingApp/src/controller/bettingApp_index_controller.erl
2014-06-06 13:00:14.814 [notice] <0.316.0>@boss_compiler:compile:47 Compile file "/Users/Suchit/projects/bettingApp/src/controller/bettingApp_index_controller.erl" with options [debug_info,{pre_revert_transform,#Fun<boss_controller_compiler.add_routes_to_forms.1>},{out_dir,undefined},{include_dirs,["/Users/Suchit/projects/bettingApp/include"]},{compiler_options,[{parse_transform,lager_transform},return_errors]}] 
2014-06-06 13:00:14.819 [notice] <0.316.0>@boss_controller_adapter_pmod:action:91 Request Method 'GET'
2014-06-06 13:00:14.819 [notice] <0.316.0>@boss_controller_adapter_pmod:action:92 Tokens []
2014-06-06 13:00:14.819 [notice] <0.316.0>@boss_controller_adapter_pmod:action:100 [ChicagoBoss] The function bettingApp_index_controller:index/2 is not exported, if in doubt add -export([index/2])) to the module
2014-06-06 13:00:14.825 [info] <0.316.0> GET / [bettingApp] 200 0ms
